<?xml version="1.0" encoding="UTF-8"?>
<testsuite xmlns:xsi="http://www.w3.org/2001/XMLSchema-instance" xsi:noNamespaceSchemaLocation="https://maven.apache.org/surefire/maven-surefire-plugin/xsd/surefire-test-report.xsd" name="TestSuite" time="12.275" tests="8" errors="0" skipped="6" failures="2">
  <properties>
    <property name="sun.desktop" value="windows"/>
    <property name="awt.toolkit" value="sun.awt.windows.WToolkit"/>
    <property name="file.encoding.pkg" value="sun.io"/>
    <property name="java.specification.version" value="1.8"/>
    <property name="sun.cpu.isalist" value="amd64"/>
    <property name="sun.jnu.encoding" value="Cp1252"/>
    <property name="java.class.path" value="C:\Chandan Software\Neon_workspace\PortalPisoftek\target\test-classes;C:\Chandan Software\Neon_workspace\PortalPisoftek\target\classes;C:\Users\schandan\.jenkins\workspace\Web_pisoftek\.repository\org\seleniumhq\selenium\selenium-java\3.141.59\selenium-java-3.141.59.jar;C:\Users\schandan\.jenkins\workspace\Web_pisoftek\.repository\org\seleniumhq\selenium\selenium-api\3.141.59\selenium-api-3.141.59.jar;C:\Users\schandan\.jenkins\workspace\Web_pisoftek\.repository\org\seleniumhq\selenium\selenium-chrome-driver\3.141.59\selenium-chrome-driver-3.141.59.jar;C:\Users\schandan\.jenkins\workspace\Web_pisoftek\.repository\org\seleniumhq\selenium\selenium-edge-driver\3.141.59\selenium-edge-driver-3.141.59.jar;C:\Users\schandan\.jenkins\workspace\Web_pisoftek\.repository\org\seleniumhq\selenium\selenium-firefox-driver\3.141.59\selenium-firefox-driver-3.141.59.jar;C:\Users\schandan\.jenkins\workspace\Web_pisoftek\.repository\org\seleniumhq\selenium\selenium-ie-driver\3.141.59\selenium-ie-driver-3.141.59.jar;C:\Users\schandan\.jenkins\workspace\Web_pisoftek\.repository\org\seleniumhq\selenium\selenium-opera-driver\3.141.59\selenium-opera-driver-3.141.59.jar;C:\Users\schandan\.jenkins\workspace\Web_pisoftek\.repository\org\seleniumhq\selenium\selenium-remote-driver\3.141.59\selenium-remote-driver-3.141.59.jar;C:\Users\schandan\.jenkins\workspace\Web_pisoftek\.repository\org\seleniumhq\selenium\selenium-safari-driver\3.141.59\selenium-safari-driver-3.141.59.jar;C:\Users\schandan\.jenkins\workspace\Web_pisoftek\.repository\org\seleniumhq\selenium\selenium-support\3.141.59\selenium-support-3.141.59.jar;C:\Users\schandan\.jenkins\workspace\Web_pisoftek\.repository\net\bytebuddy\byte-buddy\1.8.15\byte-buddy-1.8.15.jar;C:\Users\schandan\.jenkins\workspace\Web_pisoftek\.repository\org\apache\commons\commons-exec\1.3\commons-exec-1.3.jar;C:\Users\schandan\.jenkins\workspace\Web_pisoftek\.repository\com\google\guava\guava\25.0-jre\guava-25.0-jre.jar;C:\Users\schandan\.jenkins\workspace\Web_pisoftek\.repository\com\google\code\findbugs\jsr305\1.3.9\jsr305-1.3.9.jar;C:\Users\schandan\.jenkins\workspace\Web_pisoftek\.repository\org\checkerframework\checker-compat-qual\2.0.0\checker-compat-qual-2.0.0.jar;C:\Users\schandan\.jenkins\workspace\Web_pisoftek\.repository\com\google\errorprone\error_prone_annotations\2.1.3\error_prone_annotations-2.1.3.jar;C:\Users\schandan\.jenkins\workspace\Web_pisoftek\.repository\com\google\j2objc\j2objc-annotations\1.1\j2objc-annotations-1.1.jar;C:\Users\schandan\.jenkins\workspace\Web_pisoftek\.repository\org\codehaus\mojo\animal-sniffer-annotations\1.14\animal-sniffer-annotations-1.14.jar;C:\Users\schandan\.jenkins\workspace\Web_pisoftek\.repository\com\squareup\okhttp3\okhttp\3.11.0\okhttp-3.11.0.jar;C:\Users\schandan\.jenkins\workspace\Web_pisoftek\.repository\com\squareup\okio\okio\1.14.0\okio-1.14.0.jar;C:\Users\schandan\.jenkins\workspace\Web_pisoftek\.repository\org\testng\testng\6.14.3\testng-6.14.3.jar;C:\Users\schandan\.jenkins\workspace\Web_pisoftek\.repository\com\beust\jcommander\1.72\jcommander-1.72.jar;C:\Users\schandan\.jenkins\workspace\Web_pisoftek\.repository\org\apache-extras\beanshell\bsh\2.0b6\bsh-2.0b6.jar;C:\Users\schandan\.jenkins\workspace\Web_pisoftek\.repository\org\apache\poi\poi\4.1.2\poi-4.1.2.jar;C:\Users\schandan\.jenkins\workspace\Web_pisoftek\.repository\commons-codec\commons-codec\1.13\commons-codec-1.13.jar;C:\Users\schandan\.jenkins\workspace\Web_pisoftek\.repository\org\apache\commons\commons-collections4\4.4\commons-collections4-4.4.jar;C:\Users\schandan\.jenkins\workspace\Web_pisoftek\.repository\org\apache\commons\commons-math3\3.6.1\commons-math3-3.6.1.jar;C:\Users\schandan\.jenkins\workspace\Web_pisoftek\.repository\com\zaxxer\SparseBitSet\1.2\SparseBitSet-1.2.jar;C:\Users\schandan\.jenkins\workspace\Web_pisoftek\.repository\org\apache\poi\poi-ooxml\4.1.2\poi-ooxml-4.1.2.jar;C:\Users\schandan\.jenkins\workspace\Web_pisoftek\.repository\org\apache\poi\poi-ooxml-schemas\4.1.2\poi-ooxml-schemas-4.1.2.jar;C:\Users\schandan\.jenkins\workspace\Web_pisoftek\.repository\org\apache\xmlbeans\xmlbeans\3.1.0\xmlbeans-3.1.0.jar;C:\Users\schandan\.jenkins\workspace\Web_pisoftek\.repository\org\apache\commons\commons-compress\1.19\commons-compress-1.19.jar;C:\Users\schandan\.jenkins\workspace\Web_pisoftek\.repository\com\github\virtuald\curvesapi\1.06\curvesapi-1.06.jar;C:\Users\schandan\.jenkins\workspace\Web_pisoftek\.repository\log4j\log4j\1.2.17\log4j-1.2.17.jar;C:\Users\schandan\.jenkins\workspace\Web_pisoftek\.repository\commons-io\commons-io\2.6\commons-io-2.6.jar;C:\Users\schandan\.jenkins\workspace\Web_pisoftek\.repository\com\aventstack\extentreports\4.0.9\extentreports-4.0.9.jar;C:\Users\schandan\.jenkins\workspace\Web_pisoftek\.repository\org\freemarker\freemarker\2.3.23\freemarker-2.3.23.jar;C:\Users\schandan\.jenkins\workspace\Web_pisoftek\.repository\org\mongodb\mongodb-driver\3.3.0\mongodb-driver-3.3.0.jar;C:\Users\schandan\.jenkins\workspace\Web_pisoftek\.repository\org\mongodb\mongodb-driver-core\3.3.0\mongodb-driver-core-3.3.0.jar;C:\Users\schandan\.jenkins\workspace\Web_pisoftek\.repository\org\mongodb\bson\3.3.0\bson-3.3.0.jar;C:\Users\schandan\.jenkins\workspace\Web_pisoftek\.repository\org\apache\httpcomponents\httpclient\4.5.2\httpclient-4.5.2.jar;C:\Users\schandan\.jenkins\workspace\Web_pisoftek\.repository\org\apache\httpcomponents\httpcore\4.4.4\httpcore-4.4.4.jar;C:\Users\schandan\.jenkins\workspace\Web_pisoftek\.repository\commons-logging\commons-logging\1.2\commons-logging-1.2.jar;C:\Users\schandan\.jenkins\workspace\Web_pisoftek\.repository\org\apache\httpcomponents\httpmime\4.5.2\httpmime-4.5.2.jar;C:\Users\schandan\.jenkins\workspace\Web_pisoftek\.repository\com\google\code\gson\gson\2.8.5\gson-2.8.5.jar;"/>
    <property name="java.vm.vendor" value="Oracle Corporation"/>
    <property name="sun.arch.data.model" value="64"/>
    <property name="user.variant" value=""/>
    <property name="java.vendor.url" value="http://java.oracle.com/"/>
    <property name="user.timezone" value="Asia/Calcutta"/>
    <property name="java.vm.specification.version" value="1.8"/>
    <property name="os.name" value="Windows 10"/>
    <property name="user.country" value="IN"/>
    <property name="sun.java.launcher" value="SUN_STANDARD"/>
    <property name="sun.boot.library.path" value="C:\Program Files\Java\jdk1.8.0_251\jre\bin"/>
    <property name="sun.java.command" value="C:\Users\schandan\AppData\Local\Temp\surefire6768220669110486313\surefirebooter6608606562802385424.jar C:\Users\schandan\AppData\Local\Temp\surefire6768220669110486313 2020-12-27T21-01-26_562-jvmRun1 surefire3607625415382028083tmp surefire_05814580213756838212tmp"/>
    <property name="surefire.test.class.path" value="C:\Chandan Software\Neon_workspace\PortalPisoftek\target\test-classes;C:\Chandan Software\Neon_workspace\PortalPisoftek\target\classes;C:\Users\schandan\.jenkins\workspace\Web_pisoftek\.repository\org\seleniumhq\selenium\selenium-java\3.141.59\selenium-java-3.141.59.jar;C:\Users\schandan\.jenkins\workspace\Web_pisoftek\.repository\org\seleniumhq\selenium\selenium-api\3.141.59\selenium-api-3.141.59.jar;C:\Users\schandan\.jenkins\workspace\Web_pisoftek\.repository\org\seleniumhq\selenium\selenium-chrome-driver\3.141.59\selenium-chrome-driver-3.141.59.jar;C:\Users\schandan\.jenkins\workspace\Web_pisoftek\.repository\org\seleniumhq\selenium\selenium-edge-driver\3.141.59\selenium-edge-driver-3.141.59.jar;C:\Users\schandan\.jenkins\workspace\Web_pisoftek\.repository\org\seleniumhq\selenium\selenium-firefox-driver\3.141.59\selenium-firefox-driver-3.141.59.jar;C:\Users\schandan\.jenkins\workspace\Web_pisoftek\.repository\org\seleniumhq\selenium\selenium-ie-driver\3.141.59\selenium-ie-driver-3.141.59.jar;C:\Users\schandan\.jenkins\workspace\Web_pisoftek\.repository\org\seleniumhq\selenium\selenium-opera-driver\3.141.59\selenium-opera-driver-3.141.59.jar;C:\Users\schandan\.jenkins\workspace\Web_pisoftek\.repository\org\seleniumhq\selenium\selenium-remote-driver\3.141.59\selenium-remote-driver-3.141.59.jar;C:\Users\schandan\.jenkins\workspace\Web_pisoftek\.repository\org\seleniumhq\selenium\selenium-safari-driver\3.141.59\selenium-safari-driver-3.141.59.jar;C:\Users\schandan\.jenkins\workspace\Web_pisoftek\.repository\org\seleniumhq\selenium\selenium-support\3.141.59\selenium-support-3.141.59.jar;C:\Users\schandan\.jenkins\workspace\Web_pisoftek\.repository\net\bytebuddy\byte-buddy\1.8.15\byte-buddy-1.8.15.jar;C:\Users\schandan\.jenkins\workspace\Web_pisoftek\.repository\org\apache\commons\commons-exec\1.3\commons-exec-1.3.jar;C:\Users\schandan\.jenkins\workspace\Web_pisoftek\.repository\com\google\guava\guava\25.0-jre\guava-25.0-jre.jar;C:\Users\schandan\.jenkins\workspace\Web_pisoftek\.repository\com\google\code\findbugs\jsr305\1.3.9\jsr305-1.3.9.jar;C:\Users\schandan\.jenkins\workspace\Web_pisoftek\.repository\org\checkerframework\checker-compat-qual\2.0.0\checker-compat-qual-2.0.0.jar;C:\Users\schandan\.jenkins\workspace\Web_pisoftek\.repository\com\google\errorprone\error_prone_annotations\2.1.3\error_prone_annotations-2.1.3.jar;C:\Users\schandan\.jenkins\workspace\Web_pisoftek\.repository\com\google\j2objc\j2objc-annotations\1.1\j2objc-annotations-1.1.jar;C:\Users\schandan\.jenkins\workspace\Web_pisoftek\.repository\org\codehaus\mojo\animal-sniffer-annotations\1.14\animal-sniffer-annotations-1.14.jar;C:\Users\schandan\.jenkins\workspace\Web_pisoftek\.repository\com\squareup\okhttp3\okhttp\3.11.0\okhttp-3.11.0.jar;C:\Users\schandan\.jenkins\workspace\Web_pisoftek\.repository\com\squareup\okio\okio\1.14.0\okio-1.14.0.jar;C:\Users\schandan\.jenkins\workspace\Web_pisoftek\.repository\org\testng\testng\6.14.3\testng-6.14.3.jar;C:\Users\schandan\.jenkins\workspace\Web_pisoftek\.repository\com\beust\jcommander\1.72\jcommander-1.72.jar;C:\Users\schandan\.jenkins\workspace\Web_pisoftek\.repository\org\apache-extras\beanshell\bsh\2.0b6\bsh-2.0b6.jar;C:\Users\schandan\.jenkins\workspace\Web_pisoftek\.repository\org\apache\poi\poi\4.1.2\poi-4.1.2.jar;C:\Users\schandan\.jenkins\workspace\Web_pisoftek\.repository\commons-codec\commons-codec\1.13\commons-codec-1.13.jar;C:\Users\schandan\.jenkins\workspace\Web_pisoftek\.repository\org\apache\commons\commons-collections4\4.4\commons-collections4-4.4.jar;C:\Users\schandan\.jenkins\workspace\Web_pisoftek\.repository\org\apache\commons\commons-math3\3.6.1\commons-math3-3.6.1.jar;C:\Users\schandan\.jenkins\workspace\Web_pisoftek\.repository\com\zaxxer\SparseBitSet\1.2\SparseBitSet-1.2.jar;C:\Users\schandan\.jenkins\workspace\Web_pisoftek\.repository\org\apache\poi\poi-ooxml\4.1.2\poi-ooxml-4.1.2.jar;C:\Users\schandan\.jenkins\workspace\Web_pisoftek\.repository\org\apache\poi\poi-ooxml-schemas\4.1.2\poi-ooxml-schemas-4.1.2.jar;C:\Users\schandan\.jenkins\workspace\Web_pisoftek\.repository\org\apache\xmlbeans\xmlbeans\3.1.0\xmlbeans-3.1.0.jar;C:\Users\schandan\.jenkins\workspace\Web_pisoftek\.repository\org\apache\commons\commons-compress\1.19\commons-compress-1.19.jar;C:\Users\schandan\.jenkins\workspace\Web_pisoftek\.repository\com\github\virtuald\curvesapi\1.06\curvesapi-1.06.jar;C:\Users\schandan\.jenkins\workspace\Web_pisoftek\.repository\log4j\log4j\1.2.17\log4j-1.2.17.jar;C:\Users\schandan\.jenkins\workspace\Web_pisoftek\.repository\commons-io\commons-io\2.6\commons-io-2.6.jar;C:\Users\schandan\.jenkins\workspace\Web_pisoftek\.repository\com\aventstack\extentreports\4.0.9\extentreports-4.0.9.jar;C:\Users\schandan\.jenkins\workspace\Web_pisoftek\.repository\org\freemarker\freemarker\2.3.23\freemarker-2.3.23.jar;C:\Users\schandan\.jenkins\workspace\Web_pisoftek\.repository\org\mongodb\mongodb-driver\3.3.0\mongodb-driver-3.3.0.jar;C:\Users\schandan\.jenkins\workspace\Web_pisoftek\.repository\org\mongodb\mongodb-driver-core\3.3.0\mongodb-driver-core-3.3.0.jar;C:\Users\schandan\.jenkins\workspace\Web_pisoftek\.repository\org\mongodb\bson\3.3.0\bson-3.3.0.jar;C:\Users\schandan\.jenkins\workspace\Web_pisoftek\.repository\org\apache\httpcomponents\httpclient\4.5.2\httpclient-4.5.2.jar;C:\Users\schandan\.jenkins\workspace\Web_pisoftek\.repository\org\apache\httpcomponents\httpcore\4.4.4\httpcore-4.4.4.jar;C:\Users\schandan\.jenkins\workspace\Web_pisoftek\.repository\commons-logging\commons-logging\1.2\commons-logging-1.2.jar;C:\Users\schandan\.jenkins\workspace\Web_pisoftek\.repository\org\apache\httpcomponents\httpmime\4.5.2\httpmime-4.5.2.jar;C:\Users\schandan\.jenkins\workspace\Web_pisoftek\.repository\com\google\code\gson\gson\2.8.5\gson-2.8.5.jar;"/>
    <property name="sun.cpu.endian" value="little"/>
    <property name="user.home" value="C:\Users\schandan"/>
    <property name="user.language" value="en"/>
    <property name="java.specification.vendor" value="Oracle Corporation"/>
    <property name="java.home" value="C:\Program Files\Java\jdk1.8.0_251\jre"/>
    <property name="basedir" value="C:\Chandan Software\Neon_workspace\PortalPisoftek"/>
    <property name="file.separator" value="\"/>
    <property name="line.separator" value="&#10;"/>
    <property name="java.vm.specification.vendor" value="Oracle Corporation"/>
    <property name="java.specification.name" value="Java Platform API Specification"/>
    <property name="java.awt.graphicsenv" value="sun.awt.Win32GraphicsEnvironment"/>
    <property name="surefire.real.class.path" value="C:\Users\schandan\AppData\Local\Temp\surefire6768220669110486313\surefirebooter6608606562802385424.jar"/>
    <property name="sun.boot.class.path" value="C:\Program Files\Java\jdk1.8.0_251\jre\lib\resources.jar;C:\Program Files\Java\jdk1.8.0_251\jre\lib\rt.jar;C:\Program Files\Java\jdk1.8.0_251\jre\lib\sunrsasign.jar;C:\Program Files\Java\jdk1.8.0_251\jre\lib\jsse.jar;C:\Program Files\Java\jdk1.8.0_251\jre\lib\jce.jar;C:\Program Files\Java\jdk1.8.0_251\jre\lib\charsets.jar;C:\Program Files\Java\jdk1.8.0_251\jre\lib\jfr.jar;C:\Program Files\Java\jdk1.8.0_251\jre\classes"/>
    <property name="user.script" value=""/>
    <property name="sun.management.compiler" value="HotSpot 64-Bit Tiered Compilers"/>
    <property name="java.runtime.version" value="1.8.0_251-b08"/>
    <property name="user.name" value="schandan"/>
    <property name="path.separator" value=";"/>
    <property name="os.version" value="10.0"/>
    <property name="java.endorsed.dirs" value="C:\Program Files\Java\jdk1.8.0_251\jre\lib\endorsed"/>
    <property name="java.runtime.name" value="Java(TM) SE Runtime Environment"/>
    <property name="file.encoding" value="Cp1252"/>
    <property name="java.vm.name" value="Java HotSpot(TM) 64-Bit Server VM"/>
    <property name="localRepository" value="C:\Users\schandan\.jenkins\workspace\Web_pisoftek\.repository"/>
    <property name="java.vendor.url.bug" value="http://bugreport.sun.com/bugreport/"/>
    <property name="java.io.tmpdir" value="C:\Users\schandan\AppData\Local\Temp\"/>
    <property name="java.version" value="1.8.0_251"/>
    <property name="user.dir" value="C:\Chandan Software\Neon_workspace\PortalPisoftek"/>
    <property name="os.arch" value="amd64"/>
    <property name="java.vm.specification.name" value="Java Virtual Machine Specification"/>
    <property name="java.awt.printerjob" value="sun.awt.windows.WPrinterJob"/>
    <property name="sun.os.patch.level" value=""/>
    <property name="java.library.path" value="C:\Program Files\Java\jdk1.8.0_251\jre\bin;C:\Windows\Sun\Java\bin;C:\Windows\system32;C:\Windows;C:\Users\schandan\Downloads\apache-maven-3.6.3-bin\apache-maven-3.6.3/bin;C:\Program Files\Java\jdk1.8.0_251/bin;C:\Users\schandan\.jenkins\tools\chromedriver;C:\Program Files\Java\jdk1.8.0_251/bin;C:\Program Files (x86)\Common Files\Oracle\Java\javapath;&quot;C:\Program Files (x86)\Common Files\Oracle\Java\javapath;C:\Program Files\Java\jdk1.8.0_251\bin;&quot;;C:\Windows\system32;C:\Windows;C:\Windows\System32\Wbem;C:\Windows\System32\WindowsPowerShell\v1.0\;C:\Windows\System32\OpenSSH\;C:\Program Files\Java\jdk1.8.0_251;C:\Users\schandan\Downloads\apache-maven-3.6.3-bin\apache-maven-3.6.3\bin;C:\Program Files\Git\cmd;C:\Program Files (x86)\AOMEI Backupper;C:\Users\schandan\AppData\Local\Android\Sdk\tools;C:\Users\schandan\AppData\Local\Android\Sdk\platform-tools;C:\Users\schandan\AppData\Local\Microsoft\WindowsApps;;."/>
    <property name="java.vm.info" value="mixed mode"/>
    <property name="java.vendor" value="Oracle Corporation"/>
    <property name="java.vm.version" value="25.251-b08"/>
    <property name="java.ext.dirs" value="C:\Program Files\Java\jdk1.8.0_251\jre\lib\ext;C:\Windows\Sun\Java\lib\ext"/>
    <property name="sun.io.unicode.encoding" value="UnicodeLittle"/>
    <property name="maven.repo.local" value="C:\Users\schandan\.jenkins\workspace\Web_pisoftek\.repository"/>
    <property name="java.class.version" value="52.0"/>
  </properties>
  <testcase name="Initialize" classname="Execution.TestCases" time="7.669">
    <failure message="session not created: This version of ChromeDriver only supports Chrome version 85&#10;Build info: version: &apos;3.141.59&apos;, revision: &apos;e82be7d358&apos;, time: &apos;2018-11-14T08:17:03&apos;&#10;System info: host: &apos;PIS076&apos;, ip: &apos;192.168.20.24&apos;, os.name: &apos;Windows 10&apos;, os.arch: &apos;amd64&apos;, os.version: &apos;10.0&apos;, java.version: &apos;1.8.0_251&apos;&#10;Driver info: driver.version: AppDriver&#10;remote stacktrace: Backtrace:&#10;	Ordinal0 [0x0106D383+3134339]&#10;	Ordinal0 [0x00F5A171+2007409]&#10;	Ordinal0 [0x00DFAEE8+569064]&#10;	Ordinal0 [0x00D8139F+70559]&#10;	Ordinal0 [0x00D7CC63+52323]&#10;	Ordinal0 [0x00DA0DFC+200188]&#10;	Ordinal0 [0x00DA0C1D+199709]&#10;	Ordinal0 [0x00D9EB0B+191243]&#10;	Ordinal0 [0x00D82E77+77431]&#10;	Ordinal0 [0x00D83E3E+81470]&#10;	Ordinal0 [0x00D83DC9+81353]&#10;	Ordinal0 [0x00F70CD9+2100441]&#10;	GetHandleVerifier [0x011DB75A+1396954]&#10;	GetHandleVerifier [0x011DB3D9+1396057]&#10;	GetHandleVerifier [0x011E7126+1444518]&#10;	GetHandleVerifier [0x011DBCE8+1398376]&#10;	Ordinal0 [0x00F67F51+2064209]&#10;	Ordinal0 [0x00F722EB+2106091]&#10;	Ordinal0 [0x00F72411+2106385]&#10;	Ordinal0 [0x00F849C4+2181572]&#10;	BaseThreadInitThunk [0x74D36359+25]&#10;	RtlGetAppContainerNamedObjectPath [0x773F8944+228]&#10;	RtlGetAppContainerNamedObjectPath [0x773F8914+180]&#10;" type="org.openqa.selenium.SessionNotCreatedException">org.openqa.selenium.SessionNotCreatedException: 
session not created: This version of ChromeDriver only supports Chrome version 85
Build info: version: '3.141.59', revision: 'e82be7d358', time: '2018-11-14T08:17:03'
System info: host: 'PIS076', ip: '192.168.20.24', os.name: 'Windows 10', os.arch: 'amd64', os.version: '10.0', java.version: '1.8.0_251'
Driver info: driver.version: AppDriver
remote stacktrace: Backtrace:
	Ordinal0 [0x0106D383+3134339]
	Ordinal0 [0x00F5A171+2007409]
	Ordinal0 [0x00DFAEE8+569064]
	Ordinal0 [0x00D8139F+70559]
	Ordinal0 [0x00D7CC63+52323]
	Ordinal0 [0x00DA0DFC+200188]
	Ordinal0 [0x00DA0C1D+199709]
	Ordinal0 [0x00D9EB0B+191243]
	Ordinal0 [0x00D82E77+77431]
	Ordinal0 [0x00D83E3E+81470]
	Ordinal0 [0x00D83DC9+81353]
	Ordinal0 [0x00F70CD9+2100441]
	GetHandleVerifier [0x011DB75A+1396954]
	GetHandleVerifier [0x011DB3D9+1396057]
	GetHandleVerifier [0x011E7126+1444518]
	GetHandleVerifier [0x011DBCE8+1398376]
	Ordinal0 [0x00F67F51+2064209]
	Ordinal0 [0x00F722EB+2106091]
	Ordinal0 [0x00F72411+2106385]
	Ordinal0 [0x00F849C4+2181572]
	BaseThreadInitThunk [0x74D36359+25]
	RtlGetAppContainerNamedObjectPath [0x773F8944+228]
	RtlGetAppContainerNamedObjectPath [0x773F8914+180]

</failure>
    <system-out><![CDATA[Test have started successfull Test
]]></system-out>
    <system-err><![CDATA[Dec 27, 2020 9:01:30 PM org.openqa.selenium.remote.DesiredCapabilities chrome
INFO: Using `new ChromeOptions()` is preferred to `DesiredCapabilities.chrome()`
ChromeDriver was started successfully.
]]></system-err>
  </testcase>
  <testcase name="Initialize" classname="Execution.TestCases" time="11.405">
    <failure message="session not created: This version of ChromeDriver only supports Chrome version 85&#10;Build info: version: &apos;3.141.59&apos;, revision: &apos;e82be7d358&apos;, time: &apos;2018-11-14T08:17:03&apos;&#10;System info: host: &apos;PIS076&apos;, ip: &apos;192.168.20.24&apos;, os.name: &apos;Windows 10&apos;, os.arch: &apos;amd64&apos;, os.version: &apos;10.0&apos;, java.version: &apos;1.8.0_251&apos;&#10;Driver info: driver.version: AppDriver&#10;remote stacktrace: Backtrace:&#10;	Ordinal0 [0x0106D383+3134339]&#10;	Ordinal0 [0x00F5A171+2007409]&#10;	Ordinal0 [0x00DFAEE8+569064]&#10;	Ordinal0 [0x00D8139F+70559]&#10;	Ordinal0 [0x00D7CC63+52323]&#10;	Ordinal0 [0x00DA0DFC+200188]&#10;	Ordinal0 [0x00DA0C1D+199709]&#10;	Ordinal0 [0x00D9EB0B+191243]&#10;	Ordinal0 [0x00D82E77+77431]&#10;	Ordinal0 [0x00D83E3E+81470]&#10;	Ordinal0 [0x00D83DC9+81353]&#10;	Ordinal0 [0x00F70CD9+2100441]&#10;	GetHandleVerifier [0x011DB75A+1396954]&#10;	GetHandleVerifier [0x011DB3D9+1396057]&#10;	GetHandleVerifier [0x011E7126+1444518]&#10;	GetHandleVerifier [0x011DBCE8+1398376]&#10;	Ordinal0 [0x00F67F51+2064209]&#10;	Ordinal0 [0x00F722EB+2106091]&#10;	Ordinal0 [0x00F72411+2106385]&#10;	Ordinal0 [0x00F849C4+2181572]&#10;	BaseThreadInitThunk [0x74D36359+25]&#10;	RtlGetAppContainerNamedObjectPath [0x773F8944+228]&#10;	RtlGetAppContainerNamedObjectPath [0x773F8914+180]&#10;" type="org.openqa.selenium.SessionNotCreatedException">org.openqa.selenium.SessionNotCreatedException: 
session not created: This version of ChromeDriver only supports Chrome version 85
Build info: version: '3.141.59', revision: 'e82be7d358', time: '2018-11-14T08:17:03'
System info: host: 'PIS076', ip: '192.168.20.24', os.name: 'Windows 10', os.arch: 'amd64', os.version: '10.0', java.version: '1.8.0_251'
Driver info: driver.version: AppDriver
remote stacktrace: Backtrace:
	Ordinal0 [0x0106D383+3134339]
	Ordinal0 [0x00F5A171+2007409]
	Ordinal0 [0x00DFAEE8+569064]
	Ordinal0 [0x00D8139F+70559]
	Ordinal0 [0x00D7CC63+52323]
	Ordinal0 [0x00DA0DFC+200188]
	Ordinal0 [0x00DA0C1D+199709]
	Ordinal0 [0x00D9EB0B+191243]
	Ordinal0 [0x00D82E77+77431]
	Ordinal0 [0x00D83E3E+81470]
	Ordinal0 [0x00D83DC9+81353]
	Ordinal0 [0x00F70CD9+2100441]
	GetHandleVerifier [0x011DB75A+1396954]
	GetHandleVerifier [0x011DB3D9+1396057]
	GetHandleVerifier [0x011E7126+1444518]
	GetHandleVerifier [0x011DBCE8+1398376]
	Ordinal0 [0x00F67F51+2064209]
	Ordinal0 [0x00F722EB+2106091]
	Ordinal0 [0x00F72411+2106385]
	Ordinal0 [0x00F849C4+2181572]
	BaseThreadInitThunk [0x74D36359+25]
	RtlGetAppContainerNamedObjectPath [0x773F8944+228]
	RtlGetAppContainerNamedObjectPath [0x773F8914+180]

</failure>
    <system-out><![CDATA[Test have been finished successfull Test
Test have started successfull Tesprateek
]]></system-out>
    <system-err><![CDATA[Dec 27, 2020 9:01:37 PM org.openqa.selenium.remote.DesiredCapabilities chrome
INFO: Using `new ChromeOptions()` is preferred to `DesiredCapabilities.chrome()`
ChromeDriver was started successfully.
]]></system-err>
  </testcase>
  <testcase name="verifylinks" classname="Execution.TestCases" time="0">
    <skipped message="session not created: This version of ChromeDriver only supports Chrome version 85&#10;Build info: version: &apos;3.141.59&apos;, revision: &apos;e82be7d358&apos;, time: &apos;2018-11-14T08:17:03&apos;&#10;System info: host: &apos;PIS076&apos;, ip: &apos;192.168.20.24&apos;, os.name: &apos;Windows 10&apos;, os.arch: &apos;amd64&apos;, os.version: &apos;10.0&apos;, java.version: &apos;1.8.0_251&apos;&#10;Driver info: driver.version: AppDriver&#10;remote stacktrace: Backtrace:&#10;	Ordinal0 [0x0106D383+3134339]&#10;	Ordinal0 [0x00F5A171+2007409]&#10;	Ordinal0 [0x00DFAEE8+569064]&#10;	Ordinal0 [0x00D8139F+70559]&#10;	Ordinal0 [0x00D7CC63+52323]&#10;	Ordinal0 [0x00DA0DFC+200188]&#10;	Ordinal0 [0x00DA0C1D+199709]&#10;	Ordinal0 [0x00D9EB0B+191243]&#10;	Ordinal0 [0x00D82E77+77431]&#10;	Ordinal0 [0x00D83E3E+81470]&#10;	Ordinal0 [0x00D83DC9+81353]&#10;	Ordinal0 [0x00F70CD9+2100441]&#10;	GetHandleVerifier [0x011DB75A+1396954]&#10;	GetHandleVerifier [0x011DB3D9+1396057]&#10;	GetHandleVerifier [0x011E7126+1444518]&#10;	GetHandleVerifier [0x011DBCE8+1398376]&#10;	Ordinal0 [0x00F67F51+2064209]&#10;	Ordinal0 [0x00F722EB+2106091]&#10;	Ordinal0 [0x00F72411+2106385]&#10;	Ordinal0 [0x00F849C4+2181572]&#10;	BaseThreadInitThunk [0x74D36359+25]&#10;	RtlGetAppContainerNamedObjectPath [0x773F8944+228]&#10;	RtlGetAppContainerNamedObjectPath [0x773F8914+180]&#10;"/>
    <system-out><![CDATA[Test was skipped null
]]></system-out>
  </testcase>
  <testcase name="verifylinks" classname="Execution.TestCases" time="0">
    <skipped message="session not created: This version of ChromeDriver only supports Chrome version 85&#10;Build info: version: &apos;3.141.59&apos;, revision: &apos;e82be7d358&apos;, time: &apos;2018-11-14T08:17:03&apos;&#10;System info: host: &apos;PIS076&apos;, ip: &apos;192.168.20.24&apos;, os.name: &apos;Windows 10&apos;, os.arch: &apos;amd64&apos;, os.version: &apos;10.0&apos;, java.version: &apos;1.8.0_251&apos;&#10;Driver info: driver.version: AppDriver&#10;remote stacktrace: Backtrace:&#10;	Ordinal0 [0x0106D383+3134339]&#10;	Ordinal0 [0x00F5A171+2007409]&#10;	Ordinal0 [0x00DFAEE8+569064]&#10;	Ordinal0 [0x00D8139F+70559]&#10;	Ordinal0 [0x00D7CC63+52323]&#10;	Ordinal0 [0x00DA0DFC+200188]&#10;	Ordinal0 [0x00DA0C1D+199709]&#10;	Ordinal0 [0x00D9EB0B+191243]&#10;	Ordinal0 [0x00D82E77+77431]&#10;	Ordinal0 [0x00D83E3E+81470]&#10;	Ordinal0 [0x00D83DC9+81353]&#10;	Ordinal0 [0x00F70CD9+2100441]&#10;	GetHandleVerifier [0x011DB75A+1396954]&#10;	GetHandleVerifier [0x011DB3D9+1396057]&#10;	GetHandleVerifier [0x011E7126+1444518]&#10;	GetHandleVerifier [0x011DBCE8+1398376]&#10;	Ordinal0 [0x00F67F51+2064209]&#10;	Ordinal0 [0x00F722EB+2106091]&#10;	Ordinal0 [0x00F72411+2106385]&#10;	Ordinal0 [0x00F849C4+2181572]&#10;	BaseThreadInitThunk [0x74D36359+25]&#10;	RtlGetAppContainerNamedObjectPath [0x773F8944+228]&#10;	RtlGetAppContainerNamedObjectPath [0x773F8914+180]&#10;"/>
    <system-out><![CDATA[Test was skipped null
]]></system-out>
  </testcase>
  <testcase name="verifyContact" classname="Execution.TestCases" time="0">
    <skipped message="session not created: This version of ChromeDriver only supports Chrome version 85&#10;Build info: version: &apos;3.141.59&apos;, revision: &apos;e82be7d358&apos;, time: &apos;2018-11-14T08:17:03&apos;&#10;System info: host: &apos;PIS076&apos;, ip: &apos;192.168.20.24&apos;, os.name: &apos;Windows 10&apos;, os.arch: &apos;amd64&apos;, os.version: &apos;10.0&apos;, java.version: &apos;1.8.0_251&apos;&#10;Driver info: driver.version: AppDriver&#10;remote stacktrace: Backtrace:&#10;	Ordinal0 [0x0106D383+3134339]&#10;	Ordinal0 [0x00F5A171+2007409]&#10;	Ordinal0 [0x00DFAEE8+569064]&#10;	Ordinal0 [0x00D8139F+70559]&#10;	Ordinal0 [0x00D7CC63+52323]&#10;	Ordinal0 [0x00DA0DFC+200188]&#10;	Ordinal0 [0x00DA0C1D+199709]&#10;	Ordinal0 [0x00D9EB0B+191243]&#10;	Ordinal0 [0x00D82E77+77431]&#10;	Ordinal0 [0x00D83E3E+81470]&#10;	Ordinal0 [0x00D83DC9+81353]&#10;	Ordinal0 [0x00F70CD9+2100441]&#10;	GetHandleVerifier [0x011DB75A+1396954]&#10;	GetHandleVerifier [0x011DB3D9+1396057]&#10;	GetHandleVerifier [0x011E7126+1444518]&#10;	GetHandleVerifier [0x011DBCE8+1398376]&#10;	Ordinal0 [0x00F67F51+2064209]&#10;	Ordinal0 [0x00F722EB+2106091]&#10;	Ordinal0 [0x00F72411+2106385]&#10;	Ordinal0 [0x00F849C4+2181572]&#10;	BaseThreadInitThunk [0x74D36359+25]&#10;	RtlGetAppContainerNamedObjectPath [0x773F8944+228]&#10;	RtlGetAppContainerNamedObjectPath [0x773F8914+180]&#10;"/>
    <system-out><![CDATA[Test was skipped null
]]></system-out>
  </testcase>
  <testcase name="verifyContact" classname="Execution.TestCases" time="0">
    <skipped message="session not created: This version of ChromeDriver only supports Chrome version 85&#10;Build info: version: &apos;3.141.59&apos;, revision: &apos;e82be7d358&apos;, time: &apos;2018-11-14T08:17:03&apos;&#10;System info: host: &apos;PIS076&apos;, ip: &apos;192.168.20.24&apos;, os.name: &apos;Windows 10&apos;, os.arch: &apos;amd64&apos;, os.version: &apos;10.0&apos;, java.version: &apos;1.8.0_251&apos;&#10;Driver info: driver.version: AppDriver&#10;remote stacktrace: Backtrace:&#10;	Ordinal0 [0x0106D383+3134339]&#10;	Ordinal0 [0x00F5A171+2007409]&#10;	Ordinal0 [0x00DFAEE8+569064]&#10;	Ordinal0 [0x00D8139F+70559]&#10;	Ordinal0 [0x00D7CC63+52323]&#10;	Ordinal0 [0x00DA0DFC+200188]&#10;	Ordinal0 [0x00DA0C1D+199709]&#10;	Ordinal0 [0x00D9EB0B+191243]&#10;	Ordinal0 [0x00D82E77+77431]&#10;	Ordinal0 [0x00D83E3E+81470]&#10;	Ordinal0 [0x00D83DC9+81353]&#10;	Ordinal0 [0x00F70CD9+2100441]&#10;	GetHandleVerifier [0x011DB75A+1396954]&#10;	GetHandleVerifier [0x011DB3D9+1396057]&#10;	GetHandleVerifier [0x011E7126+1444518]&#10;	GetHandleVerifier [0x011DBCE8+1398376]&#10;	Ordinal0 [0x00F67F51+2064209]&#10;	Ordinal0 [0x00F722EB+2106091]&#10;	Ordinal0 [0x00F72411+2106385]&#10;	Ordinal0 [0x00F849C4+2181572]&#10;	BaseThreadInitThunk [0x74D36359+25]&#10;	RtlGetAppContainerNamedObjectPath [0x773F8944+228]&#10;	RtlGetAppContainerNamedObjectPath [0x773F8914+180]&#10;"/>
    <system-out><![CDATA[Test was skipped null
]]></system-out>
  </testcase>
  <testcase name="close" classname="Execution.TestCases" time="0">
    <skipped/>
  </testcase>
  <testcase name="close" classname="Execution.TestCases" time="0">
    <skipped/>
  </testcase>
</testsuite>