<?xml version="1.0" encoding="UTF-8"?>
<testng-results skipped="4" failed="0" ignored="0" total="4" passed="0">
  <reporter-output>
  </reporter-output>
  <suite name="Suite" duration-ms="10089" started-at="2020-12-27T15:31:30Z" finished-at="2020-12-27T15:31:40Z">
    <groups>
    </groups>
    <test name="Test" duration-ms="6385" started-at="2020-12-27T15:31:30Z" finished-at="2020-12-27T15:31:36Z">
      <class name="Execution.TestCases">
        <test-method status="FAIL" signature="Initialize()[pri:0, instance:Execution.TestCases@48eff760]" name="Initialize" is-config="true" duration-ms="6336" started-at="2020-12-27T15:31:30Z" finished-at="2020-12-27T15:31:36Z">
          <exception class="org.openqa.selenium.SessionNotCreatedException">
            <message>
              <![CDATA[session not created: This version of ChromeDriver only supports Chrome version 85
Build info: version: '3.141.59', revision: 'e82be7d358', time: '2018-11-14T08:17:03'
System info: host: 'PIS076', ip: '192.168.20.24', os.name: 'Windows 10', os.arch: 'amd64', os.version: '10.0', java.version: '1.8.0_251'
Driver info: driver.version: AppDriver
remote stacktrace: Backtrace:
Ordinal0 [0x0106D383+3134339]
Ordinal0 [0x00F5A171+2007409]
Ordinal0 [0x00DFAEE8+569064]
Ordinal0 [0x00D8139F+70559]
Ordinal0 [0x00D7CC63+52323]
Ordinal0 [0x00DA0DFC+200188]
Ordinal0 [0x00DA0C1D+199709]
Ordinal0 [0x00D9EB0B+191243]
Ordinal0 [0x00D82E77+77431]
Ordinal0 [0x00D83E3E+81470]
Ordinal0 [0x00D83DC9+81353]
Ordinal0 [0x00F70CD9+2100441]
GetHandleVerifier [0x011DB75A+1396954]
GetHandleVerifier [0x011DB3D9+1396057]
GetHandleVerifier [0x011E7126+1444518]
GetHandleVerifier [0x011DBCE8+1398376]
Ordinal0 [0x00F67F51+2064209]
Ordinal0 [0x00F722EB+2106091]
Ordinal0 [0x00F72411+2106385]
Ordinal0 [0x00F849C4+2181572]
BaseThreadInitThunk [0x74D36359+25]
RtlGetAppContainerNamedObjectPath [0x773F8944+228]
RtlGetAppContainerNamedObjectPath [0x773F8914+180]
]]>
            </message>
            <full-stacktrace>
              <![CDATA[org.openqa.selenium.SessionNotCreatedException: session not created: This version of ChromeDriver only supports Chrome version 85
Build info: version: '3.141.59', revision: 'e82be7d358', time: '2018-11-14T08:17:03'
System info: host: 'PIS076', ip: '192.168.20.24', os.name: 'Windows 10', os.arch: 'amd64', os.version: '10.0', java.version: '1.8.0_251'
Driver info: driver.version: AppDriver
remote stacktrace: Backtrace:
Ordinal0 [0x0106D383+3134339]
Ordinal0 [0x00F5A171+2007409]
Ordinal0 [0x00DFAEE8+569064]
Ordinal0 [0x00D8139F+70559]
Ordinal0 [0x00D7CC63+52323]
Ordinal0 [0x00DA0DFC+200188]
Ordinal0 [0x00DA0C1D+199709]
Ordinal0 [0x00D9EB0B+191243]
Ordinal0 [0x00D82E77+77431]
Ordinal0 [0x00D83E3E+81470]
Ordinal0 [0x00D83DC9+81353]
Ordinal0 [0x00F70CD9+2100441]
GetHandleVerifier [0x011DB75A+1396954]
GetHandleVerifier [0x011DB3D9+1396057]
GetHandleVerifier [0x011E7126+1444518]
GetHandleVerifier [0x011DBCE8+1398376]
Ordinal0 [0x00F67F51+2064209]
Ordinal0 [0x00F722EB+2106091]
Ordinal0 [0x00F72411+2106385]
Ordinal0 [0x00F849C4+2181572]
BaseThreadInitThunk [0x74D36359+25]
RtlGetAppContainerNamedObjectPath [0x773F8944+228]
RtlGetAppContainerNamedObjectPath [0x773F8914+180]

at sun.reflect.NativeConstructorAccessorImpl.newInstance0(Native Method)
at sun.reflect.NativeConstructorAccessorImpl.newInstance(NativeConstructorAccessorImpl.java:62)
at sun.reflect.DelegatingConstructorAccessorImpl.newInstance(DelegatingConstructorAccessorImpl.java:45)
at java.lang.reflect.Constructor.newInstance(Constructor.java:423)
at org.openqa.selenium.remote.W3CHandshakeResponse.lambda$errorHandler$0(W3CHandshakeResponse.java:62)
at org.openqa.selenium.remote.HandshakeResponse.lambda$getResponseFunction$0(HandshakeResponse.java:30)
at org.openqa.selenium.remote.ProtocolHandshake.lambda$createSession$0(ProtocolHandshake.java:126)
at java.util.stream.ReferencePipeline$3$1.accept(ReferencePipeline.java:193)
at java.util.Spliterators$ArraySpliterator.tryAdvance(Spliterators.java:958)
at java.util.stream.ReferencePipeline.forEachWithCancel(ReferencePipeline.java:126)
at java.util.stream.AbstractPipeline.copyIntoWithCancel(AbstractPipeline.java:499)
at java.util.stream.AbstractPipeline.copyInto(AbstractPipeline.java:486)
at java.util.stream.AbstractPipeline.wrapAndCopyInto(AbstractPipeline.java:472)
at java.util.stream.FindOps$FindOp.evaluateSequential(FindOps.java:152)
at java.util.stream.AbstractPipeline.evaluate(AbstractPipeline.java:234)
at java.util.stream.ReferencePipeline.findFirst(ReferencePipeline.java:464)
at org.openqa.selenium.remote.ProtocolHandshake.createSession(ProtocolHandshake.java:128)
at org.openqa.selenium.remote.ProtocolHandshake.createSession(ProtocolHandshake.java:74)
at org.openqa.selenium.remote.HttpCommandExecutor.execute(HttpCommandExecutor.java:136)
at org.openqa.selenium.remote.service.DriverCommandExecutor.execute(DriverCommandExecutor.java:83)
at org.openqa.selenium.remote.RemoteWebDriver.execute(RemoteWebDriver.java:552)
at org.openqa.selenium.remote.RemoteWebDriver.startSession(RemoteWebDriver.java:213)
at org.openqa.selenium.remote.RemoteWebDriver.<init>(RemoteWebDriver.java:131)
at org.openqa.selenium.chrome.ChromeDriver.<init>(ChromeDriver.java:181)
at org.openqa.selenium.chrome.ChromeDriver.<init>(ChromeDriver.java:147)
at Base.AppDriver.Initialize(AppDriver.java:63)
at sun.reflect.NativeMethodAccessorImpl.invoke0(Native Method)
at sun.reflect.NativeMethodAccessorImpl.invoke(NativeMethodAccessorImpl.java:62)
at sun.reflect.DelegatingMethodAccessorImpl.invoke(DelegatingMethodAccessorImpl.java:43)
at java.lang.reflect.Method.invoke(Method.java:498)
at org.testng.internal.MethodInvocationHelper.invokeMethod(MethodInvocationHelper.java:124)
at org.testng.internal.MethodInvocationHelper.invokeMethodConsideringTimeout(MethodInvocationHelper.java:59)
at org.testng.internal.Invoker.invokeConfigurationMethod(Invoker.java:458)
at org.testng.internal.Invoker.invokeConfigurations(Invoker.java:222)
at org.testng.internal.Invoker.invokeConfigurations(Invoker.java:142)
at org.testng.TestRunner.beforeRun(TestRunner.java:529)
at org.testng.TestRunner.run(TestRunner.java:497)
at org.testng.SuiteRunner.runTest(SuiteRunner.java:455)
at org.testng.SuiteRunner.runSequentially(SuiteRunner.java:450)
at org.testng.SuiteRunner.privateRun(SuiteRunner.java:415)
at org.testng.SuiteRunner.run(SuiteRunner.java:364)
at org.testng.SuiteRunnerWorker.runSuite(SuiteRunnerWorker.java:52)
at org.testng.SuiteRunnerWorker.run(SuiteRunnerWorker.java:84)
at org.testng.TestNG.runSuitesSequentially(TestNG.java:1208)
at org.testng.TestNG.runSuitesLocally(TestNG.java:1137)
at org.testng.TestNG.runSuites(TestNG.java:1049)
at org.testng.TestNG.run(TestNG.java:1017)
at org.apache.maven.surefire.testng.TestNGExecutor.run(TestNGExecutor.java:283)
at org.apache.maven.surefire.testng.TestNGXmlTestSuite.execute(TestNGXmlTestSuite.java:75)
at org.apache.maven.surefire.testng.TestNGProvider.invoke(TestNGProvider.java:120)
at org.apache.maven.surefire.booter.ForkedBooter.invokeProviderInSameClassLoader(ForkedBooter.java:384)
at org.apache.maven.surefire.booter.ForkedBooter.runSuitesInProcess(ForkedBooter.java:345)
at org.apache.maven.surefire.booter.ForkedBooter.execute(ForkedBooter.java:126)
at org.apache.maven.surefire.booter.ForkedBooter.main(ForkedBooter.java:418)
]]>
            </full-stacktrace>
          </exception> <!-- org.openqa.selenium.SessionNotCreatedException -->
          <reporter-output>
          </reporter-output>
        </test-method> <!-- Initialize -->
        <test-method status="SKIP" signature="verifylinks()[pri:0, instance:Execution.TestCases@48eff760]" name="verifylinks" duration-ms="0" started-at="2020-12-27T15:31:36Z" finished-at="2020-12-27T15:31:36Z">
          <exception class="org.openqa.selenium.SessionNotCreatedException">
            <message>
              <![CDATA[session not created: This version of ChromeDriver only supports Chrome version 85
Build info: version: '3.141.59', revision: 'e82be7d358', time: '2018-11-14T08:17:03'
System info: host: 'PIS076', ip: '192.168.20.24', os.name: 'Windows 10', os.arch: 'amd64', os.version: '10.0', java.version: '1.8.0_251'
Driver info: driver.version: AppDriver
remote stacktrace: Backtrace:
Ordinal0 [0x0106D383+3134339]
Ordinal0 [0x00F5A171+2007409]
Ordinal0 [0x00DFAEE8+569064]
Ordinal0 [0x00D8139F+70559]
Ordinal0 [0x00D7CC63+52323]
Ordinal0 [0x00DA0DFC+200188]
Ordinal0 [0x00DA0C1D+199709]
Ordinal0 [0x00D9EB0B+191243]
Ordinal0 [0x00D82E77+77431]
Ordinal0 [0x00D83E3E+81470]
Ordinal0 [0x00D83DC9+81353]
Ordinal0 [0x00F70CD9+2100441]
GetHandleVerifier [0x011DB75A+1396954]
GetHandleVerifier [0x011DB3D9+1396057]
GetHandleVerifier [0x011E7126+1444518]
GetHandleVerifier [0x011DBCE8+1398376]
Ordinal0 [0x00F67F51+2064209]
Ordinal0 [0x00F722EB+2106091]
Ordinal0 [0x00F72411+2106385]
Ordinal0 [0x00F849C4+2181572]
BaseThreadInitThunk [0x74D36359+25]
RtlGetAppContainerNamedObjectPath [0x773F8944+228]
RtlGetAppContainerNamedObjectPath [0x773F8914+180]
]]>
            </message>
            <full-stacktrace>
              <![CDATA[org.openqa.selenium.SessionNotCreatedException: session not created: This version of ChromeDriver only supports Chrome version 85
Build info: version: '3.141.59', revision: 'e82be7d358', time: '2018-11-14T08:17:03'
System info: host: 'PIS076', ip: '192.168.20.24', os.name: 'Windows 10', os.arch: 'amd64', os.version: '10.0', java.version: '1.8.0_251'
Driver info: driver.version: AppDriver
remote stacktrace: Backtrace:
Ordinal0 [0x0106D383+3134339]
Ordinal0 [0x00F5A171+2007409]
Ordinal0 [0x00DFAEE8+569064]
Ordinal0 [0x00D8139F+70559]
Ordinal0 [0x00D7CC63+52323]
Ordinal0 [0x00DA0DFC+200188]
Ordinal0 [0x00DA0C1D+199709]
Ordinal0 [0x00D9EB0B+191243]
Ordinal0 [0x00D82E77+77431]
Ordinal0 [0x00D83E3E+81470]
Ordinal0 [0x00D83DC9+81353]
Ordinal0 [0x00F70CD9+2100441]
GetHandleVerifier [0x011DB75A+1396954]
GetHandleVerifier [0x011DB3D9+1396057]
GetHandleVerifier [0x011E7126+1444518]
GetHandleVerifier [0x011DBCE8+1398376]
Ordinal0 [0x00F67F51+2064209]
Ordinal0 [0x00F722EB+2106091]
Ordinal0 [0x00F72411+2106385]
Ordinal0 [0x00F849C4+2181572]
BaseThreadInitThunk [0x74D36359+25]
RtlGetAppContainerNamedObjectPath [0x773F8944+228]
RtlGetAppContainerNamedObjectPath [0x773F8914+180]

at sun.reflect.NativeConstructorAccessorImpl.newInstance0(Native Method)
at sun.reflect.NativeConstructorAccessorImpl.newInstance(NativeConstructorAccessorImpl.java:62)
at sun.reflect.DelegatingConstructorAccessorImpl.newInstance(DelegatingConstructorAccessorImpl.java:45)
at java.lang.reflect.Constructor.newInstance(Constructor.java:423)
at org.openqa.selenium.remote.W3CHandshakeResponse.lambda$errorHandler$0(W3CHandshakeResponse.java:62)
at org.openqa.selenium.remote.HandshakeResponse.lambda$getResponseFunction$0(HandshakeResponse.java:30)
at org.openqa.selenium.remote.ProtocolHandshake.lambda$createSession$0(ProtocolHandshake.java:126)
at java.util.stream.ReferencePipeline$3$1.accept(ReferencePipeline.java:193)
at java.util.Spliterators$ArraySpliterator.tryAdvance(Spliterators.java:958)
at java.util.stream.ReferencePipeline.forEachWithCancel(ReferencePipeline.java:126)
at java.util.stream.AbstractPipeline.copyIntoWithCancel(AbstractPipeline.java:499)
at java.util.stream.AbstractPipeline.copyInto(AbstractPipeline.java:486)
at java.util.stream.AbstractPipeline.wrapAndCopyInto(AbstractPipeline.java:472)
at java.util.stream.FindOps$FindOp.evaluateSequential(FindOps.java:152)
at java.util.stream.AbstractPipeline.evaluate(AbstractPipeline.java:234)
at java.util.stream.ReferencePipeline.findFirst(ReferencePipeline.java:464)
at org.openqa.selenium.remote.ProtocolHandshake.createSession(ProtocolHandshake.java:128)
at org.openqa.selenium.remote.ProtocolHandshake.createSession(ProtocolHandshake.java:74)
at org.openqa.selenium.remote.HttpCommandExecutor.execute(HttpCommandExecutor.java:136)
at org.openqa.selenium.remote.service.DriverCommandExecutor.execute(DriverCommandExecutor.java:83)
at org.openqa.selenium.remote.RemoteWebDriver.execute(RemoteWebDriver.java:552)
at org.openqa.selenium.remote.RemoteWebDriver.startSession(RemoteWebDriver.java:213)
at org.openqa.selenium.remote.RemoteWebDriver.<init>(RemoteWebDriver.java:131)
at org.openqa.selenium.chrome.ChromeDriver.<init>(ChromeDriver.java:181)
at org.openqa.selenium.chrome.ChromeDriver.<init>(ChromeDriver.java:147)
at Base.AppDriver.Initialize(AppDriver.java:63)
at sun.reflect.NativeMethodAccessorImpl.invoke0(Native Method)
at sun.reflect.NativeMethodAccessorImpl.invoke(NativeMethodAccessorImpl.java:62)
at sun.reflect.DelegatingMethodAccessorImpl.invoke(DelegatingMethodAccessorImpl.java:43)
at java.lang.reflect.Method.invoke(Method.java:498)
at org.testng.internal.MethodInvocationHelper.invokeMethod(MethodInvocationHelper.java:124)
at org.testng.internal.MethodInvocationHelper.invokeMethodConsideringTimeout(MethodInvocationHelper.java:59)
at org.testng.internal.Invoker.invokeConfigurationMethod(Invoker.java:458)
at org.testng.internal.Invoker.invokeConfigurations(Invoker.java:222)
at org.testng.internal.Invoker.invokeConfigurations(Invoker.java:142)
at org.testng.TestRunner.beforeRun(TestRunner.java:529)
at org.testng.TestRunner.run(TestRunner.java:497)
at org.testng.SuiteRunner.runTest(SuiteRunner.java:455)
at org.testng.SuiteRunner.runSequentially(SuiteRunner.java:450)
at org.testng.SuiteRunner.privateRun(SuiteRunner.java:415)
at org.testng.SuiteRunner.run(SuiteRunner.java:364)
at org.testng.SuiteRunnerWorker.runSuite(SuiteRunnerWorker.java:52)
at org.testng.SuiteRunnerWorker.run(SuiteRunnerWorker.java:84)
at org.testng.TestNG.runSuitesSequentially(TestNG.java:1208)
at org.testng.TestNG.runSuitesLocally(TestNG.java:1137)
at org.testng.TestNG.runSuites(TestNG.java:1049)
at org.testng.TestNG.run(TestNG.java:1017)
at org.apache.maven.surefire.testng.TestNGExecutor.run(TestNGExecutor.java:283)
at org.apache.maven.surefire.testng.TestNGXmlTestSuite.execute(TestNGXmlTestSuite.java:75)
at org.apache.maven.surefire.testng.TestNGProvider.invoke(TestNGProvider.java:120)
at org.apache.maven.surefire.booter.ForkedBooter.invokeProviderInSameClassLoader(ForkedBooter.java:384)
at org.apache.maven.surefire.booter.ForkedBooter.runSuitesInProcess(ForkedBooter.java:345)
at org.apache.maven.surefire.booter.ForkedBooter.execute(ForkedBooter.java:126)
at org.apache.maven.surefire.booter.ForkedBooter.main(ForkedBooter.java:418)
]]>
            </full-stacktrace>
          </exception> <!-- org.openqa.selenium.SessionNotCreatedException -->
          <reporter-output>
          </reporter-output>
        </test-method> <!-- verifylinks -->
        <test-method status="SKIP" signature="verifyContact()[pri:1, instance:Execution.TestCases@48eff760]" name="verifyContact" duration-ms="0" started-at="2020-12-27T15:31:36Z" finished-at="2020-12-27T15:31:36Z">
          <exception class="org.openqa.selenium.SessionNotCreatedException">
            <message>
              <![CDATA[session not created: This version of ChromeDriver only supports Chrome version 85
Build info: version: '3.141.59', revision: 'e82be7d358', time: '2018-11-14T08:17:03'
System info: host: 'PIS076', ip: '192.168.20.24', os.name: 'Windows 10', os.arch: 'amd64', os.version: '10.0', java.version: '1.8.0_251'
Driver info: driver.version: AppDriver
remote stacktrace: Backtrace:
Ordinal0 [0x0106D383+3134339]
Ordinal0 [0x00F5A171+2007409]
Ordinal0 [0x00DFAEE8+569064]
Ordinal0 [0x00D8139F+70559]
Ordinal0 [0x00D7CC63+52323]
Ordinal0 [0x00DA0DFC+200188]
Ordinal0 [0x00DA0C1D+199709]
Ordinal0 [0x00D9EB0B+191243]
Ordinal0 [0x00D82E77+77431]
Ordinal0 [0x00D83E3E+81470]
Ordinal0 [0x00D83DC9+81353]
Ordinal0 [0x00F70CD9+2100441]
GetHandleVerifier [0x011DB75A+1396954]
GetHandleVerifier [0x011DB3D9+1396057]
GetHandleVerifier [0x011E7126+1444518]
GetHandleVerifier [0x011DBCE8+1398376]
Ordinal0 [0x00F67F51+2064209]
Ordinal0 [0x00F722EB+2106091]
Ordinal0 [0x00F72411+2106385]
Ordinal0 [0x00F849C4+2181572]
BaseThreadInitThunk [0x74D36359+25]
RtlGetAppContainerNamedObjectPath [0x773F8944+228]
RtlGetAppContainerNamedObjectPath [0x773F8914+180]
]]>
            </message>
            <full-stacktrace>
              <![CDATA[org.openqa.selenium.SessionNotCreatedException: session not created: This version of ChromeDriver only supports Chrome version 85
Build info: version: '3.141.59', revision: 'e82be7d358', time: '2018-11-14T08:17:03'
System info: host: 'PIS076', ip: '192.168.20.24', os.name: 'Windows 10', os.arch: 'amd64', os.version: '10.0', java.version: '1.8.0_251'
Driver info: driver.version: AppDriver
remote stacktrace: Backtrace:
Ordinal0 [0x0106D383+3134339]
Ordinal0 [0x00F5A171+2007409]
Ordinal0 [0x00DFAEE8+569064]
Ordinal0 [0x00D8139F+70559]
Ordinal0 [0x00D7CC63+52323]
Ordinal0 [0x00DA0DFC+200188]
Ordinal0 [0x00DA0C1D+199709]
Ordinal0 [0x00D9EB0B+191243]
Ordinal0 [0x00D82E77+77431]
Ordinal0 [0x00D83E3E+81470]
Ordinal0 [0x00D83DC9+81353]
Ordinal0 [0x00F70CD9+2100441]
GetHandleVerifier [0x011DB75A+1396954]
GetHandleVerifier [0x011DB3D9+1396057]
GetHandleVerifier [0x011E7126+1444518]
GetHandleVerifier [0x011DBCE8+1398376]
Ordinal0 [0x00F67F51+2064209]
Ordinal0 [0x00F722EB+2106091]
Ordinal0 [0x00F72411+2106385]
Ordinal0 [0x00F849C4+2181572]
BaseThreadInitThunk [0x74D36359+25]
RtlGetAppContainerNamedObjectPath [0x773F8944+228]
RtlGetAppContainerNamedObjectPath [0x773F8914+180]

at sun.reflect.NativeConstructorAccessorImpl.newInstance0(Native Method)
at sun.reflect.NativeConstructorAccessorImpl.newInstance(NativeConstructorAccessorImpl.java:62)
at sun.reflect.DelegatingConstructorAccessorImpl.newInstance(DelegatingConstructorAccessorImpl.java:45)
at java.lang.reflect.Constructor.newInstance(Constructor.java:423)
at org.openqa.selenium.remote.W3CHandshakeResponse.lambda$errorHandler$0(W3CHandshakeResponse.java:62)
at org.openqa.selenium.remote.HandshakeResponse.lambda$getResponseFunction$0(HandshakeResponse.java:30)
at org.openqa.selenium.remote.ProtocolHandshake.lambda$createSession$0(ProtocolHandshake.java:126)
at java.util.stream.ReferencePipeline$3$1.accept(ReferencePipeline.java:193)
at java.util.Spliterators$ArraySpliterator.tryAdvance(Spliterators.java:958)
at java.util.stream.ReferencePipeline.forEachWithCancel(ReferencePipeline.java:126)
at java.util.stream.AbstractPipeline.copyIntoWithCancel(AbstractPipeline.java:499)
at java.util.stream.AbstractPipeline.copyInto(AbstractPipeline.java:486)
at java.util.stream.AbstractPipeline.wrapAndCopyInto(AbstractPipeline.java:472)
at java.util.stream.FindOps$FindOp.evaluateSequential(FindOps.java:152)
at java.util.stream.AbstractPipeline.evaluate(AbstractPipeline.java:234)
at java.util.stream.ReferencePipeline.findFirst(ReferencePipeline.java:464)
at org.openqa.selenium.remote.ProtocolHandshake.createSession(ProtocolHandshake.java:128)
at org.openqa.selenium.remote.ProtocolHandshake.createSession(ProtocolHandshake.java:74)
at org.openqa.selenium.remote.HttpCommandExecutor.execute(HttpCommandExecutor.java:136)
at org.openqa.selenium.remote.service.DriverCommandExecutor.execute(DriverCommandExecutor.java:83)
at org.openqa.selenium.remote.RemoteWebDriver.execute(RemoteWebDriver.java:552)
at org.openqa.selenium.remote.RemoteWebDriver.startSession(RemoteWebDriver.java:213)
at org.openqa.selenium.remote.RemoteWebDriver.<init>(RemoteWebDriver.java:131)
at org.openqa.selenium.chrome.ChromeDriver.<init>(ChromeDriver.java:181)
at org.openqa.selenium.chrome.ChromeDriver.<init>(ChromeDriver.java:147)
at Base.AppDriver.Initialize(AppDriver.java:63)
at sun.reflect.NativeMethodAccessorImpl.invoke0(Native Method)
at sun.reflect.NativeMethodAccessorImpl.invoke(NativeMethodAccessorImpl.java:62)
at sun.reflect.DelegatingMethodAccessorImpl.invoke(DelegatingMethodAccessorImpl.java:43)
at java.lang.reflect.Method.invoke(Method.java:498)
at org.testng.internal.MethodInvocationHelper.invokeMethod(MethodInvocationHelper.java:124)
at org.testng.internal.MethodInvocationHelper.invokeMethodConsideringTimeout(MethodInvocationHelper.java:59)
at org.testng.internal.Invoker.invokeConfigurationMethod(Invoker.java:458)
at org.testng.internal.Invoker.invokeConfigurations(Invoker.java:222)
at org.testng.internal.Invoker.invokeConfigurations(Invoker.java:142)
at org.testng.TestRunner.beforeRun(TestRunner.java:529)
at org.testng.TestRunner.run(TestRunner.java:497)
at org.testng.SuiteRunner.runTest(SuiteRunner.java:455)
at org.testng.SuiteRunner.runSequentially(SuiteRunner.java:450)
at org.testng.SuiteRunner.privateRun(SuiteRunner.java:415)
at org.testng.SuiteRunner.run(SuiteRunner.java:364)
at org.testng.SuiteRunnerWorker.runSuite(SuiteRunnerWorker.java:52)
at org.testng.SuiteRunnerWorker.run(SuiteRunnerWorker.java:84)
at org.testng.TestNG.runSuitesSequentially(TestNG.java:1208)
at org.testng.TestNG.runSuitesLocally(TestNG.java:1137)
at org.testng.TestNG.runSuites(TestNG.java:1049)
at org.testng.TestNG.run(TestNG.java:1017)
at org.apache.maven.surefire.testng.TestNGExecutor.run(TestNGExecutor.java:283)
at org.apache.maven.surefire.testng.TestNGXmlTestSuite.execute(TestNGXmlTestSuite.java:75)
at org.apache.maven.surefire.testng.TestNGProvider.invoke(TestNGProvider.java:120)
at org.apache.maven.surefire.booter.ForkedBooter.invokeProviderInSameClassLoader(ForkedBooter.java:384)
at org.apache.maven.surefire.booter.ForkedBooter.runSuitesInProcess(ForkedBooter.java:345)
at org.apache.maven.surefire.booter.ForkedBooter.execute(ForkedBooter.java:126)
at org.apache.maven.surefire.booter.ForkedBooter.main(ForkedBooter.java:418)
]]>
            </full-stacktrace>
          </exception> <!-- org.openqa.selenium.SessionNotCreatedException -->
          <reporter-output>
          </reporter-output>
        </test-method> <!-- verifyContact -->
        <test-method status="SKIP" signature="close()[pri:0, instance:Execution.TestCases@48eff760]" name="close" is-config="true" duration-ms="0" started-at="2020-12-27T15:31:36Z" finished-at="2020-12-27T15:31:36Z">
          <reporter-output>
          </reporter-output>
        </test-method> <!-- close -->
      </class> <!-- Execution.TestCases -->
    </test> <!-- Test -->
    <test name="Tesprateek" duration-ms="3227" started-at="2020-12-27T15:31:37Z" finished-at="2020-12-27T15:31:40Z">
      <class name="Execution.TestCases">
        <test-method status="FAIL" signature="Initialize()[pri:0, instance:Execution.TestCases@2a2d45ba]" name="Initialize" is-config="true" duration-ms="3223" started-at="2020-12-27T15:31:37Z" finished-at="2020-12-27T15:31:40Z">
          <exception class="org.openqa.selenium.SessionNotCreatedException">
            <message>
              <![CDATA[session not created: This version of ChromeDriver only supports Chrome version 85
Build info: version: '3.141.59', revision: 'e82be7d358', time: '2018-11-14T08:17:03'
System info: host: 'PIS076', ip: '192.168.20.24', os.name: 'Windows 10', os.arch: 'amd64', os.version: '10.0', java.version: '1.8.0_251'
Driver info: driver.version: AppDriver
remote stacktrace: Backtrace:
Ordinal0 [0x0106D383+3134339]
Ordinal0 [0x00F5A171+2007409]
Ordinal0 [0x00DFAEE8+569064]
Ordinal0 [0x00D8139F+70559]
Ordinal0 [0x00D7CC63+52323]
Ordinal0 [0x00DA0DFC+200188]
Ordinal0 [0x00DA0C1D+199709]
Ordinal0 [0x00D9EB0B+191243]
Ordinal0 [0x00D82E77+77431]
Ordinal0 [0x00D83E3E+81470]
Ordinal0 [0x00D83DC9+81353]
Ordinal0 [0x00F70CD9+2100441]
GetHandleVerifier [0x011DB75A+1396954]
GetHandleVerifier [0x011DB3D9+1396057]
GetHandleVerifier [0x011E7126+1444518]
GetHandleVerifier [0x011DBCE8+1398376]
Ordinal0 [0x00F67F51+2064209]
Ordinal0 [0x00F722EB+2106091]
Ordinal0 [0x00F72411+2106385]
Ordinal0 [0x00F849C4+2181572]
BaseThreadInitThunk [0x74D36359+25]
RtlGetAppContainerNamedObjectPath [0x773F8944+228]
RtlGetAppContainerNamedObjectPath [0x773F8914+180]
]]>
            </message>
            <full-stacktrace>
              <![CDATA[org.openqa.selenium.SessionNotCreatedException: session not created: This version of ChromeDriver only supports Chrome version 85
Build info: version: '3.141.59', revision: 'e82be7d358', time: '2018-11-14T08:17:03'
System info: host: 'PIS076', ip: '192.168.20.24', os.name: 'Windows 10', os.arch: 'amd64', os.version: '10.0', java.version: '1.8.0_251'
Driver info: driver.version: AppDriver
remote stacktrace: Backtrace:
Ordinal0 [0x0106D383+3134339]
Ordinal0 [0x00F5A171+2007409]
Ordinal0 [0x00DFAEE8+569064]
Ordinal0 [0x00D8139F+70559]
Ordinal0 [0x00D7CC63+52323]
Ordinal0 [0x00DA0DFC+200188]
Ordinal0 [0x00DA0C1D+199709]
Ordinal0 [0x00D9EB0B+191243]
Ordinal0 [0x00D82E77+77431]
Ordinal0 [0x00D83E3E+81470]
Ordinal0 [0x00D83DC9+81353]
Ordinal0 [0x00F70CD9+2100441]
GetHandleVerifier [0x011DB75A+1396954]
GetHandleVerifier [0x011DB3D9+1396057]
GetHandleVerifier [0x011E7126+1444518]
GetHandleVerifier [0x011DBCE8+1398376]
Ordinal0 [0x00F67F51+2064209]
Ordinal0 [0x00F722EB+2106091]
Ordinal0 [0x00F72411+2106385]
Ordinal0 [0x00F849C4+2181572]
BaseThreadInitThunk [0x74D36359+25]
RtlGetAppContainerNamedObjectPath [0x773F8944+228]
RtlGetAppContainerNamedObjectPath [0x773F8914+180]

at sun.reflect.NativeConstructorAccessorImpl.newInstance0(Native Method)
at sun.reflect.NativeConstructorAccessorImpl.newInstance(NativeConstructorAccessorImpl.java:62)
at sun.reflect.DelegatingConstructorAccessorImpl.newInstance(DelegatingConstructorAccessorImpl.java:45)
at java.lang.reflect.Constructor.newInstance(Constructor.java:423)
at org.openqa.selenium.remote.W3CHandshakeResponse.lambda$errorHandler$0(W3CHandshakeResponse.java:62)
at org.openqa.selenium.remote.HandshakeResponse.lambda$getResponseFunction$0(HandshakeResponse.java:30)
at org.openqa.selenium.remote.ProtocolHandshake.lambda$createSession$0(ProtocolHandshake.java:126)
at java.util.stream.ReferencePipeline$3$1.accept(ReferencePipeline.java:193)
at java.util.Spliterators$ArraySpliterator.tryAdvance(Spliterators.java:958)
at java.util.stream.ReferencePipeline.forEachWithCancel(ReferencePipeline.java:126)
at java.util.stream.AbstractPipeline.copyIntoWithCancel(AbstractPipeline.java:499)
at java.util.stream.AbstractPipeline.copyInto(AbstractPipeline.java:486)
at java.util.stream.AbstractPipeline.wrapAndCopyInto(AbstractPipeline.java:472)
at java.util.stream.FindOps$FindOp.evaluateSequential(FindOps.java:152)
at java.util.stream.AbstractPipeline.evaluate(AbstractPipeline.java:234)
at java.util.stream.ReferencePipeline.findFirst(ReferencePipeline.java:464)
at org.openqa.selenium.remote.ProtocolHandshake.createSession(ProtocolHandshake.java:128)
at org.openqa.selenium.remote.ProtocolHandshake.createSession(ProtocolHandshake.java:74)
at org.openqa.selenium.remote.HttpCommandExecutor.execute(HttpCommandExecutor.java:136)
at org.openqa.selenium.remote.service.DriverCommandExecutor.execute(DriverCommandExecutor.java:83)
at org.openqa.selenium.remote.RemoteWebDriver.execute(RemoteWebDriver.java:552)
at org.openqa.selenium.remote.RemoteWebDriver.startSession(RemoteWebDriver.java:213)
at org.openqa.selenium.remote.RemoteWebDriver.<init>(RemoteWebDriver.java:131)
at org.openqa.selenium.chrome.ChromeDriver.<init>(ChromeDriver.java:181)
at org.openqa.selenium.chrome.ChromeDriver.<init>(ChromeDriver.java:147)
at Base.AppDriver.Initialize(AppDriver.java:63)
at sun.reflect.NativeMethodAccessorImpl.invoke0(Native Method)
at sun.reflect.NativeMethodAccessorImpl.invoke(NativeMethodAccessorImpl.java:62)
at sun.reflect.DelegatingMethodAccessorImpl.invoke(DelegatingMethodAccessorImpl.java:43)
at java.lang.reflect.Method.invoke(Method.java:498)
at org.testng.internal.MethodInvocationHelper.invokeMethod(MethodInvocationHelper.java:124)
at org.testng.internal.MethodInvocationHelper.invokeMethodConsideringTimeout(MethodInvocationHelper.java:59)
at org.testng.internal.Invoker.invokeConfigurationMethod(Invoker.java:458)
at org.testng.internal.Invoker.invokeConfigurations(Invoker.java:222)
at org.testng.internal.Invoker.invokeConfigurations(Invoker.java:142)
at org.testng.TestRunner.beforeRun(TestRunner.java:529)
at org.testng.TestRunner.run(TestRunner.java:497)
at org.testng.SuiteRunner.runTest(SuiteRunner.java:455)
at org.testng.SuiteRunner.runSequentially(SuiteRunner.java:450)
at org.testng.SuiteRunner.privateRun(SuiteRunner.java:415)
at org.testng.SuiteRunner.run(SuiteRunner.java:364)
at org.testng.SuiteRunnerWorker.runSuite(SuiteRunnerWorker.java:52)
at org.testng.SuiteRunnerWorker.run(SuiteRunnerWorker.java:84)
at org.testng.TestNG.runSuitesSequentially(TestNG.java:1208)
at org.testng.TestNG.runSuitesLocally(TestNG.java:1137)
at org.testng.TestNG.runSuites(TestNG.java:1049)
at org.testng.TestNG.run(TestNG.java:1017)
at org.apache.maven.surefire.testng.TestNGExecutor.run(TestNGExecutor.java:283)
at org.apache.maven.surefire.testng.TestNGXmlTestSuite.execute(TestNGXmlTestSuite.java:75)
at org.apache.maven.surefire.testng.TestNGProvider.invoke(TestNGProvider.java:120)
at org.apache.maven.surefire.booter.ForkedBooter.invokeProviderInSameClassLoader(ForkedBooter.java:384)
at org.apache.maven.surefire.booter.ForkedBooter.runSuitesInProcess(ForkedBooter.java:345)
at org.apache.maven.surefire.booter.ForkedBooter.execute(ForkedBooter.java:126)
at org.apache.maven.surefire.booter.ForkedBooter.main(ForkedBooter.java:418)
]]>
            </full-stacktrace>
          </exception> <!-- org.openqa.selenium.SessionNotCreatedException -->
          <reporter-output>
          </reporter-output>
        </test-method> <!-- Initialize -->
        <test-method status="SKIP" signature="verifylinks()[pri:0, instance:Execution.TestCases@2a2d45ba]" name="verifylinks" duration-ms="0" started-at="2020-12-27T15:31:40Z" finished-at="2020-12-27T15:31:40Z">
          <exception class="org.openqa.selenium.SessionNotCreatedException">
            <message>
              <![CDATA[session not created: This version of ChromeDriver only supports Chrome version 85
Build info: version: '3.141.59', revision: 'e82be7d358', time: '2018-11-14T08:17:03'
System info: host: 'PIS076', ip: '192.168.20.24', os.name: 'Windows 10', os.arch: 'amd64', os.version: '10.0', java.version: '1.8.0_251'
Driver info: driver.version: AppDriver
remote stacktrace: Backtrace:
Ordinal0 [0x0106D383+3134339]
Ordinal0 [0x00F5A171+2007409]
Ordinal0 [0x00DFAEE8+569064]
Ordinal0 [0x00D8139F+70559]
Ordinal0 [0x00D7CC63+52323]
Ordinal0 [0x00DA0DFC+200188]
Ordinal0 [0x00DA0C1D+199709]
Ordinal0 [0x00D9EB0B+191243]
Ordinal0 [0x00D82E77+77431]
Ordinal0 [0x00D83E3E+81470]
Ordinal0 [0x00D83DC9+81353]
Ordinal0 [0x00F70CD9+2100441]
GetHandleVerifier [0x011DB75A+1396954]
GetHandleVerifier [0x011DB3D9+1396057]
GetHandleVerifier [0x011E7126+1444518]
GetHandleVerifier [0x011DBCE8+1398376]
Ordinal0 [0x00F67F51+2064209]
Ordinal0 [0x00F722EB+2106091]
Ordinal0 [0x00F72411+2106385]
Ordinal0 [0x00F849C4+2181572]
BaseThreadInitThunk [0x74D36359+25]
RtlGetAppContainerNamedObjectPath [0x773F8944+228]
RtlGetAppContainerNamedObjectPath [0x773F8914+180]
]]>
            </message>
            <full-stacktrace>
              <![CDATA[org.openqa.selenium.SessionNotCreatedException: session not created: This version of ChromeDriver only supports Chrome version 85
Build info: version: '3.141.59', revision: 'e82be7d358', time: '2018-11-14T08:17:03'
System info: host: 'PIS076', ip: '192.168.20.24', os.name: 'Windows 10', os.arch: 'amd64', os.version: '10.0', java.version: '1.8.0_251'
Driver info: driver.version: AppDriver
remote stacktrace: Backtrace:
Ordinal0 [0x0106D383+3134339]
Ordinal0 [0x00F5A171+2007409]
Ordinal0 [0x00DFAEE8+569064]
Ordinal0 [0x00D8139F+70559]
Ordinal0 [0x00D7CC63+52323]
Ordinal0 [0x00DA0DFC+200188]
Ordinal0 [0x00DA0C1D+199709]
Ordinal0 [0x00D9EB0B+191243]
Ordinal0 [0x00D82E77+77431]
Ordinal0 [0x00D83E3E+81470]
Ordinal0 [0x00D83DC9+81353]
Ordinal0 [0x00F70CD9+2100441]
GetHandleVerifier [0x011DB75A+1396954]
GetHandleVerifier [0x011DB3D9+1396057]
GetHandleVerifier [0x011E7126+1444518]
GetHandleVerifier [0x011DBCE8+1398376]
Ordinal0 [0x00F67F51+2064209]
Ordinal0 [0x00F722EB+2106091]
Ordinal0 [0x00F72411+2106385]
Ordinal0 [0x00F849C4+2181572]
BaseThreadInitThunk [0x74D36359+25]
RtlGetAppContainerNamedObjectPath [0x773F8944+228]
RtlGetAppContainerNamedObjectPath [0x773F8914+180]

at sun.reflect.NativeConstructorAccessorImpl.newInstance0(Native Method)
at sun.reflect.NativeConstructorAccessorImpl.newInstance(NativeConstructorAccessorImpl.java:62)
at sun.reflect.DelegatingConstructorAccessorImpl.newInstance(DelegatingConstructorAccessorImpl.java:45)
at java.lang.reflect.Constructor.newInstance(Constructor.java:423)
at org.openqa.selenium.remote.W3CHandshakeResponse.lambda$errorHandler$0(W3CHandshakeResponse.java:62)
at org.openqa.selenium.remote.HandshakeResponse.lambda$getResponseFunction$0(HandshakeResponse.java:30)
at org.openqa.selenium.remote.ProtocolHandshake.lambda$createSession$0(ProtocolHandshake.java:126)
at java.util.stream.ReferencePipeline$3$1.accept(ReferencePipeline.java:193)
at java.util.Spliterators$ArraySpliterator.tryAdvance(Spliterators.java:958)
at java.util.stream.ReferencePipeline.forEachWithCancel(ReferencePipeline.java:126)
at java.util.stream.AbstractPipeline.copyIntoWithCancel(AbstractPipeline.java:499)
at java.util.stream.AbstractPipeline.copyInto(AbstractPipeline.java:486)
at java.util.stream.AbstractPipeline.wrapAndCopyInto(AbstractPipeline.java:472)
at java.util.stream.FindOps$FindOp.evaluateSequential(FindOps.java:152)
at java.util.stream.AbstractPipeline.evaluate(AbstractPipeline.java:234)
at java.util.stream.ReferencePipeline.findFirst(ReferencePipeline.java:464)
at org.openqa.selenium.remote.ProtocolHandshake.createSession(ProtocolHandshake.java:128)
at org.openqa.selenium.remote.ProtocolHandshake.createSession(ProtocolHandshake.java:74)
at org.openqa.selenium.remote.HttpCommandExecutor.execute(HttpCommandExecutor.java:136)
at org.openqa.selenium.remote.service.DriverCommandExecutor.execute(DriverCommandExecutor.java:83)
at org.openqa.selenium.remote.RemoteWebDriver.execute(RemoteWebDriver.java:552)
at org.openqa.selenium.remote.RemoteWebDriver.startSession(RemoteWebDriver.java:213)
at org.openqa.selenium.remote.RemoteWebDriver.<init>(RemoteWebDriver.java:131)
at org.openqa.selenium.chrome.ChromeDriver.<init>(ChromeDriver.java:181)
at org.openqa.selenium.chrome.ChromeDriver.<init>(ChromeDriver.java:147)
at Base.AppDriver.Initialize(AppDriver.java:63)
at sun.reflect.NativeMethodAccessorImpl.invoke0(Native Method)
at sun.reflect.NativeMethodAccessorImpl.invoke(NativeMethodAccessorImpl.java:62)
at sun.reflect.DelegatingMethodAccessorImpl.invoke(DelegatingMethodAccessorImpl.java:43)
at java.lang.reflect.Method.invoke(Method.java:498)
at org.testng.internal.MethodInvocationHelper.invokeMethod(MethodInvocationHelper.java:124)
at org.testng.internal.MethodInvocationHelper.invokeMethodConsideringTimeout(MethodInvocationHelper.java:59)
at org.testng.internal.Invoker.invokeConfigurationMethod(Invoker.java:458)
at org.testng.internal.Invoker.invokeConfigurations(Invoker.java:222)
at org.testng.internal.Invoker.invokeConfigurations(Invoker.java:142)
at org.testng.TestRunner.beforeRun(TestRunner.java:529)
at org.testng.TestRunner.run(TestRunner.java:497)
at org.testng.SuiteRunner.runTest(SuiteRunner.java:455)
at org.testng.SuiteRunner.runSequentially(SuiteRunner.java:450)
at org.testng.SuiteRunner.privateRun(SuiteRunner.java:415)
at org.testng.SuiteRunner.run(SuiteRunner.java:364)
at org.testng.SuiteRunnerWorker.runSuite(SuiteRunnerWorker.java:52)
at org.testng.SuiteRunnerWorker.run(SuiteRunnerWorker.java:84)
at org.testng.TestNG.runSuitesSequentially(TestNG.java:1208)
at org.testng.TestNG.runSuitesLocally(TestNG.java:1137)
at org.testng.TestNG.runSuites(TestNG.java:1049)
at org.testng.TestNG.run(TestNG.java:1017)
at org.apache.maven.surefire.testng.TestNGExecutor.run(TestNGExecutor.java:283)
at org.apache.maven.surefire.testng.TestNGXmlTestSuite.execute(TestNGXmlTestSuite.java:75)
at org.apache.maven.surefire.testng.TestNGProvider.invoke(TestNGProvider.java:120)
at org.apache.maven.surefire.booter.ForkedBooter.invokeProviderInSameClassLoader(ForkedBooter.java:384)
at org.apache.maven.surefire.booter.ForkedBooter.runSuitesInProcess(ForkedBooter.java:345)
at org.apache.maven.surefire.booter.ForkedBooter.execute(ForkedBooter.java:126)
at org.apache.maven.surefire.booter.ForkedBooter.main(ForkedBooter.java:418)
]]>
            </full-stacktrace>
          </exception> <!-- org.openqa.selenium.SessionNotCreatedException -->
          <reporter-output>
          </reporter-output>
        </test-method> <!-- verifylinks -->
        <test-method status="SKIP" signature="verifyContact()[pri:1, instance:Execution.TestCases@2a2d45ba]" name="verifyContact" duration-ms="0" started-at="2020-12-27T15:31:40Z" finished-at="2020-12-27T15:31:40Z">
          <exception class="org.openqa.selenium.SessionNotCreatedException">
            <message>
              <![CDATA[session not created: This version of ChromeDriver only supports Chrome version 85
Build info: version: '3.141.59', revision: 'e82be7d358', time: '2018-11-14T08:17:03'
System info: host: 'PIS076', ip: '192.168.20.24', os.name: 'Windows 10', os.arch: 'amd64', os.version: '10.0', java.version: '1.8.0_251'
Driver info: driver.version: AppDriver
remote stacktrace: Backtrace:
Ordinal0 [0x0106D383+3134339]
Ordinal0 [0x00F5A171+2007409]
Ordinal0 [0x00DFAEE8+569064]
Ordinal0 [0x00D8139F+70559]
Ordinal0 [0x00D7CC63+52323]
Ordinal0 [0x00DA0DFC+200188]
Ordinal0 [0x00DA0C1D+199709]
Ordinal0 [0x00D9EB0B+191243]
Ordinal0 [0x00D82E77+77431]
Ordinal0 [0x00D83E3E+81470]
Ordinal0 [0x00D83DC9+81353]
Ordinal0 [0x00F70CD9+2100441]
GetHandleVerifier [0x011DB75A+1396954]
GetHandleVerifier [0x011DB3D9+1396057]
GetHandleVerifier [0x011E7126+1444518]
GetHandleVerifier [0x011DBCE8+1398376]
Ordinal0 [0x00F67F51+2064209]
Ordinal0 [0x00F722EB+2106091]
Ordinal0 [0x00F72411+2106385]
Ordinal0 [0x00F849C4+2181572]
BaseThreadInitThunk [0x74D36359+25]
RtlGetAppContainerNamedObjectPath [0x773F8944+228]
RtlGetAppContainerNamedObjectPath [0x773F8914+180]
]]>
            </message>
            <full-stacktrace>
              <![CDATA[org.openqa.selenium.SessionNotCreatedException: session not created: This version of ChromeDriver only supports Chrome version 85
Build info: version: '3.141.59', revision: 'e82be7d358', time: '2018-11-14T08:17:03'
System info: host: 'PIS076', ip: '192.168.20.24', os.name: 'Windows 10', os.arch: 'amd64', os.version: '10.0', java.version: '1.8.0_251'
Driver info: driver.version: AppDriver
remote stacktrace: Backtrace:
Ordinal0 [0x0106D383+3134339]
Ordinal0 [0x00F5A171+2007409]
Ordinal0 [0x00DFAEE8+569064]
Ordinal0 [0x00D8139F+70559]
Ordinal0 [0x00D7CC63+52323]
Ordinal0 [0x00DA0DFC+200188]
Ordinal0 [0x00DA0C1D+199709]
Ordinal0 [0x00D9EB0B+191243]
Ordinal0 [0x00D82E77+77431]
Ordinal0 [0x00D83E3E+81470]
Ordinal0 [0x00D83DC9+81353]
Ordinal0 [0x00F70CD9+2100441]
GetHandleVerifier [0x011DB75A+1396954]
GetHandleVerifier [0x011DB3D9+1396057]
GetHandleVerifier [0x011E7126+1444518]
GetHandleVerifier [0x011DBCE8+1398376]
Ordinal0 [0x00F67F51+2064209]
Ordinal0 [0x00F722EB+2106091]
Ordinal0 [0x00F72411+2106385]
Ordinal0 [0x00F849C4+2181572]
BaseThreadInitThunk [0x74D36359+25]
RtlGetAppContainerNamedObjectPath [0x773F8944+228]
RtlGetAppContainerNamedObjectPath [0x773F8914+180]

at sun.reflect.NativeConstructorAccessorImpl.newInstance0(Native Method)
at sun.reflect.NativeConstructorAccessorImpl.newInstance(NativeConstructorAccessorImpl.java:62)
at sun.reflect.DelegatingConstructorAccessorImpl.newInstance(DelegatingConstructorAccessorImpl.java:45)
at java.lang.reflect.Constructor.newInstance(Constructor.java:423)
at org.openqa.selenium.remote.W3CHandshakeResponse.lambda$errorHandler$0(W3CHandshakeResponse.java:62)
at org.openqa.selenium.remote.HandshakeResponse.lambda$getResponseFunction$0(HandshakeResponse.java:30)
at org.openqa.selenium.remote.ProtocolHandshake.lambda$createSession$0(ProtocolHandshake.java:126)
at java.util.stream.ReferencePipeline$3$1.accept(ReferencePipeline.java:193)
at java.util.Spliterators$ArraySpliterator.tryAdvance(Spliterators.java:958)
at java.util.stream.ReferencePipeline.forEachWithCancel(ReferencePipeline.java:126)
at java.util.stream.AbstractPipeline.copyIntoWithCancel(AbstractPipeline.java:499)
at java.util.stream.AbstractPipeline.copyInto(AbstractPipeline.java:486)
at java.util.stream.AbstractPipeline.wrapAndCopyInto(AbstractPipeline.java:472)
at java.util.stream.FindOps$FindOp.evaluateSequential(FindOps.java:152)
at java.util.stream.AbstractPipeline.evaluate(AbstractPipeline.java:234)
at java.util.stream.ReferencePipeline.findFirst(ReferencePipeline.java:464)
at org.openqa.selenium.remote.ProtocolHandshake.createSession(ProtocolHandshake.java:128)
at org.openqa.selenium.remote.ProtocolHandshake.createSession(ProtocolHandshake.java:74)
at org.openqa.selenium.remote.HttpCommandExecutor.execute(HttpCommandExecutor.java:136)
at org.openqa.selenium.remote.service.DriverCommandExecutor.execute(DriverCommandExecutor.java:83)
at org.openqa.selenium.remote.RemoteWebDriver.execute(RemoteWebDriver.java:552)
at org.openqa.selenium.remote.RemoteWebDriver.startSession(RemoteWebDriver.java:213)
at org.openqa.selenium.remote.RemoteWebDriver.<init>(RemoteWebDriver.java:131)
at org.openqa.selenium.chrome.ChromeDriver.<init>(ChromeDriver.java:181)
at org.openqa.selenium.chrome.ChromeDriver.<init>(ChromeDriver.java:147)
at Base.AppDriver.Initialize(AppDriver.java:63)
at sun.reflect.NativeMethodAccessorImpl.invoke0(Native Method)
at sun.reflect.NativeMethodAccessorImpl.invoke(NativeMethodAccessorImpl.java:62)
at sun.reflect.DelegatingMethodAccessorImpl.invoke(DelegatingMethodAccessorImpl.java:43)
at java.lang.reflect.Method.invoke(Method.java:498)
at org.testng.internal.MethodInvocationHelper.invokeMethod(MethodInvocationHelper.java:124)
at org.testng.internal.MethodInvocationHelper.invokeMethodConsideringTimeout(MethodInvocationHelper.java:59)
at org.testng.internal.Invoker.invokeConfigurationMethod(Invoker.java:458)
at org.testng.internal.Invoker.invokeConfigurations(Invoker.java:222)
at org.testng.internal.Invoker.invokeConfigurations(Invoker.java:142)
at org.testng.TestRunner.beforeRun(TestRunner.java:529)
at org.testng.TestRunner.run(TestRunner.java:497)
at org.testng.SuiteRunner.runTest(SuiteRunner.java:455)
at org.testng.SuiteRunner.runSequentially(SuiteRunner.java:450)
at org.testng.SuiteRunner.privateRun(SuiteRunner.java:415)
at org.testng.SuiteRunner.run(SuiteRunner.java:364)
at org.testng.SuiteRunnerWorker.runSuite(SuiteRunnerWorker.java:52)
at org.testng.SuiteRunnerWorker.run(SuiteRunnerWorker.java:84)
at org.testng.TestNG.runSuitesSequentially(TestNG.java:1208)
at org.testng.TestNG.runSuitesLocally(TestNG.java:1137)
at org.testng.TestNG.runSuites(TestNG.java:1049)
at org.testng.TestNG.run(TestNG.java:1017)
at org.apache.maven.surefire.testng.TestNGExecutor.run(TestNGExecutor.java:283)
at org.apache.maven.surefire.testng.TestNGXmlTestSuite.execute(TestNGXmlTestSuite.java:75)
at org.apache.maven.surefire.testng.TestNGProvider.invoke(TestNGProvider.java:120)
at org.apache.maven.surefire.booter.ForkedBooter.invokeProviderInSameClassLoader(ForkedBooter.java:384)
at org.apache.maven.surefire.booter.ForkedBooter.runSuitesInProcess(ForkedBooter.java:345)
at org.apache.maven.surefire.booter.ForkedBooter.execute(ForkedBooter.java:126)
at org.apache.maven.surefire.booter.ForkedBooter.main(ForkedBooter.java:418)
]]>
            </full-stacktrace>
          </exception> <!-- org.openqa.selenium.SessionNotCreatedException -->
          <reporter-output>
          </reporter-output>
        </test-method> <!-- verifyContact -->
        <test-method status="SKIP" signature="close()[pri:0, instance:Execution.TestCases@2a2d45ba]" name="close" is-config="true" duration-ms="0" started-at="2020-12-27T15:31:40Z" finished-at="2020-12-27T15:31:40Z">
          <reporter-output>
          </reporter-output>
        </test-method> <!-- close -->
      </class> <!-- Execution.TestCases -->
    </test> <!-- Tesprateek -->
  </suite> <!-- Suite -->
</testng-results>
