<?xml version="1.0" encoding="UTF-8"?>
<!-- Generated by org.testng.reporters.JUnitXMLReporter -->
<testsuite hostname="PIS076" ignored="0" name="Tesprateek" tests="2" failures="0" timestamp="27 Dec 2020 15:31:40 GMT" time="3.227" errors="0">
  <testcase name="@BeforeTest Initialize" time="3.223" classname="Base.AppDriver">
    <failure type="org.openqa.selenium.SessionNotCreatedException" message="session not created: This version of ChromeDriver only supports Chrome version 85
Build info: version: &amp;apos;3.141.59&amp;apos;, revision: &amp;apos;e82be7d358&amp;apos;, time: &amp;apos;2018-11-14T08:17:03&amp;apos;
System info: host: &amp;apos;PIS076&amp;apos;, ip: &amp;apos;192.168.20.24&amp;apos;, os.name: &amp;apos;Windows 10&amp;apos;, os.arch: &amp;apos;amd64&amp;apos;, os.version: &amp;apos;10.0&amp;apos;, java.version: &amp;apos;1.8.0_251&amp;apos;
Driver info: driver.version: AppDriver
remote stacktrace: Backtrace:
	Ordinal0 [0x0106D383+3134339]
	Ordinal0 [0x00F5A171+2007409]
	Ordinal0 [0x00DFAEE8+569064]
	Ordinal0 [0x00D8139F+70559]
	Ordinal0 [0x00D7CC63+52323]
	Ordinal0 [0x00DA0DFC+200188]
	Ordinal0 [0x00DA0C1D+199709]
	Ordinal0 [0x00D9EB0B+191243]
	Ordinal0 [0x00D82E77+77431]
	Ordinal0 [0x00D83E3E+81470]
	Ordinal0 [0x00D83DC9+81353]
	Ordinal0 [0x00F70CD9+2100441]
	GetHandleVerifier [0x011DB75A+1396954]
	GetHandleVerifier [0x011DB3D9+1396057]
	GetHandleVerifier [0x011E7126+1444518]
	GetHandleVerifier [0x011DBCE8+1398376]
	Ordinal0 [0x00F67F51+2064209]
	Ordinal0 [0x00F722EB+2106091]
	Ordinal0 [0x00F72411+2106385]
	Ordinal0 [0x00F849C4+2181572]
	BaseThreadInitThunk [0x74D36359+25]
	RtlGetAppContainerNamedObjectPath [0x773F8944+228]
	RtlGetAppContainerNamedObjectPath [0x773F8914+180]
">
      <![CDATA[org.openqa.selenium.SessionNotCreatedException: session not created: This version of ChromeDriver only supports Chrome version 85
Build info: version: '3.141.59', revision: 'e82be7d358', time: '2018-11-14T08:17:03'
System info: host: 'PIS076', ip: '192.168.20.24', os.name: 'Windows 10', os.arch: 'amd64', os.version: '10.0', java.version: '1.8.0_251'
Driver info: driver.version: AppDriver
remote stacktrace: Backtrace:
Ordinal0 [0x0106D383+3134339]
Ordinal0 [0x00F5A171+2007409]
Ordinal0 [0x00DFAEE8+569064]
Ordinal0 [0x00D8139F+70559]
Ordinal0 [0x00D7CC63+52323]
Ordinal0 [0x00DA0DFC+200188]
Ordinal0 [0x00DA0C1D+199709]
Ordinal0 [0x00D9EB0B+191243]
Ordinal0 [0x00D82E77+77431]
Ordinal0 [0x00D83E3E+81470]
Ordinal0 [0x00D83DC9+81353]
Ordinal0 [0x00F70CD9+2100441]
GetHandleVerifier [0x011DB75A+1396954]
GetHandleVerifier [0x011DB3D9+1396057]
GetHandleVerifier [0x011E7126+1444518]
GetHandleVerifier [0x011DBCE8+1398376]
Ordinal0 [0x00F67F51+2064209]
Ordinal0 [0x00F722EB+2106091]
Ordinal0 [0x00F72411+2106385]
Ordinal0 [0x00F849C4+2181572]
BaseThreadInitThunk [0x74D36359+25]
RtlGetAppContainerNamedObjectPath [0x773F8944+228]
RtlGetAppContainerNamedObjectPath [0x773F8914+180]

at org.openqa.selenium.remote.W3CHandshakeResponse.lambda$errorHandler$0(W3CHandshakeResponse.java:62)
at org.openqa.selenium.remote.HandshakeResponse.lambda$getResponseFunction$0(HandshakeResponse.java:30)
at org.openqa.selenium.remote.ProtocolHandshake.lambda$createSession$0(ProtocolHandshake.java:126)
at java.util.stream.ReferencePipeline$3$1.accept(ReferencePipeline.java:193)
at java.util.Spliterators$ArraySpliterator.tryAdvance(Spliterators.java:958)
at java.util.stream.ReferencePipeline.forEachWithCancel(ReferencePipeline.java:126)
at java.util.stream.AbstractPipeline.copyIntoWithCancel(AbstractPipeline.java:499)
at java.util.stream.AbstractPipeline.copyInto(AbstractPipeline.java:486)
at java.util.stream.AbstractPipeline.wrapAndCopyInto(AbstractPipeline.java:472)
at java.util.stream.FindOps$FindOp.evaluateSequential(FindOps.java:152)
at java.util.stream.AbstractPipeline.evaluate(AbstractPipeline.java:234)
at java.util.stream.ReferencePipeline.findFirst(ReferencePipeline.java:464)
at org.openqa.selenium.remote.ProtocolHandshake.createSession(ProtocolHandshake.java:128)
at org.openqa.selenium.remote.ProtocolHandshake.createSession(ProtocolHandshake.java:74)
at org.openqa.selenium.remote.HttpCommandExecutor.execute(HttpCommandExecutor.java:136)
at org.openqa.selenium.remote.service.DriverCommandExecutor.execute(DriverCommandExecutor.java:83)
at org.openqa.selenium.remote.RemoteWebDriver.execute(RemoteWebDriver.java:552)
at org.openqa.selenium.remote.RemoteWebDriver.startSession(RemoteWebDriver.java:213)
at org.openqa.selenium.remote.RemoteWebDriver.<init>(RemoteWebDriver.java:131)
at org.openqa.selenium.chrome.ChromeDriver.<init>(ChromeDriver.java:181)
at org.openqa.selenium.chrome.ChromeDriver.<init>(ChromeDriver.java:147)
at Base.AppDriver.Initialize(AppDriver.java:63)
... Removed 32 stack frames]]>
    </failure>
  </testcase> <!-- @BeforeTest Initialize -->
  <testcase name="@AfterTest close" time="0.0" classname="Base.AppDriver">
    <skipped/>
  </testcase> <!-- @AfterTest close -->
  <testcase name="verifylinks" time="0.0" classname="Execution.TestCases">
    <skipped/>
  </testcase> <!-- verifylinks -->
  <testcase name="verifyContact" time="0.0" classname="Execution.TestCases">
    <skipped/>
  </testcase> <!-- verifyContact -->
</testsuite> <!-- Tesprateek -->
